<?xml version="1.0" encoding="utf-8"?><testsuites name="pytest tests"><testsuite name="pytest" errors="0" failures="0" skipped="0" tests="13" time="0.761" timestamp="2026-06-27T14:01:59.061564+00:00" hostname="agent-env-dbd223c5-e766-484a-9be9-9f72f4486104"><testcase classname="tests.test_ana_birth_time_0820_diagnosis.TestProdStateAfterRepair" name="test_birth_time_persisted_0820" time="0.363" /><testcase classname="tests.test_ana_birth_time_0820_diagnosis.TestProdStateAfterRepair" name="test_timezone_persisted" time="0.000" /><testcase classname="tests.test_ana_birth_time_0820_diagnosis.TestProdStateAfterRepair" name="test_asc_taurus_047" time="0.000" /><testcase classname="tests.test_ana_birth_time_0820_diagnosis.TestProdStateAfterRepair" name="test_mc_aquarius_387" time="0.000" /><testcase classname="tests.test_ana_birth_time_0820_diagnosis.TestMemberSummary" name="test_rising_is_taurus_not_aries" time="0.066" /><testcase classname="tests.test_ana_birth_time_0820_diagnosis.TestMemberSummary" name="test_human_design_unchanged" time="0.000" /><testcase classname="tests.test_ana_birth_time_0820_diagnosis.TestRelationshipSynthesis" name="test_hd_narrative_blocks_populated" time="0.267" /><testcase classname="tests.test_ana_birth_time_0820_diagnosis.TestRelationshipSynthesis" name="test_relationship_channels_present" time="0.000" /><testcase classname="tests.test_ana_birth_time_0820_diagnosis.TestRelationshipSynthesis" name="test_no_raw_hd_jargon_in_story_slots" time="0.001" /><testcase classname="tests.test_ana_birth_time_0820_diagnosis.TestEngineGmDiagnosis" name="test_mirror_sidereal_matches_swisseph" time="0.002" /><testcase classname="tests.test_ana_birth_time_0820_diagnosis.TestEngineGmDiagnosis" name="test_engine_is_variant_a_13sign_in_tropical_frame" time="0.001" /><testcase classname="tests.test_ana_birth_time_0820_diagnosis.TestEngineGmDiagnosis" name="test_gm_delta_is_not_clean_30deg_offset" time="0.000" /><testcase classname="tests.test_ana_birth_time_0820_diagnosis.TestEngineGmDiagnosis" name="test_no_timezone_interpretation_lands_at_gm_asc" time="0.001" /></testsuite></testsuites>