<?xml version="1.0" encoding="utf-8"?><testsuites name="pytest tests"><testsuite name="pytest" errors="0" failures="2" skipped="2" tests="7" time="0.687" timestamp="2026-06-28T00:05:13.840531+00:00" hostname="agent-env-dbd223c5-e766-484a-9be9-9f72f4486104"><testcase classname="tests.test_ana_gm_parity_audit.TestProductionEngineConfig" name="test_build_info_engine_config_present" time="0.415"><skipped type="pytest.skip" message="engine_config block NOT present on production — local code has it but the build isn't deployed yet. Reported to main agent.">/app/backend/tests/test_ana_gm_parity_audit.py:117: engine_config block NOT present on production — local code has it but the build isn't deployed yet. Reported to main agent.</skipped></testcase><testcase classname="tests.test_ana_gm_parity_audit.TestProductionPeekChartAnglesAsc" name="test_asc_matches_gm_within_half_degree" time="0.172"><failure message="AssertionError: ASC delta 10.4862° exceeds 0.5°&#10;assert 10.486200000000053 &lt; 0.5">tests/test_ana_gm_parity_audit.py:145: in test_asc_matches_gm_within_half_degree
    assert delta &lt; 0.5, f"ASC delta {delta:.4f}° exceeds 0.5°"
E   AssertionError: ASC delta 10.4862° exceeds 0.5°
E   assert 10.486200000000053 &lt; 0.5</failure></testcase><testcase classname="tests.test_ana_gm_parity_audit.TestSideBySideTable" name="test_print_side_by_side" time="0.009" /><testcase classname="tests.test_ana_gm_parity_audit.TestHouseShiftEqualVsPlacidus" name="test_house_shifts" time="0.000" /><testcase classname="tests.test_ana_gm_parity_audit.TestSharatanAyanamsa" name="test_compute_gm_sharatan_ayanamsa" time="0.000"><skipped type="pytest.skip" message="Swiss Ephemeris fixstar lookup failed: swisseph.fixstar2_ut: error, swe_fixstar(): could not find star name ,beAri">/app/backend/tests/test_ana_gm_parity_audit.py:252: Swiss Ephemeris fixstar lookup failed: swisseph.fixstar2_ut: error, swe_fixstar(): could not find star name ,beAri</skipped></testcase><testcase classname="tests.test_ana_gm_parity_audit.TestSignCrossingsUnderSharatan" name="test_no_planet_sign_crossings" time="0.000"><failure message="swisseph.Error: swisseph.fixstar2_ut: error, swe_fixstar(): could not find star name ,beAri">tests/test_ana_gm_parity_audit.py:297: in test_no_planet_sign_crossings
    sh = swe.fixstar2_ut("Sheratan", jd, swe.FLG_SWIEPH)[0][0]
         ^^^^^^^^^^^^^^^^^^^^^^^^^^^^^^^^^^^^^^^^^^^^^^^
E   swisseph.Error: swisseph.fixstar2_ut: error, swe_fixstar(): could not find star name sheratan

During handling of the above exception, another exception occurred:
tests/test_ana_gm_parity_audit.py:299: in test_no_planet_sign_crossings
    sh = swe.fixstar2_ut(",beAri", jd, swe.FLG_SWIEPH)[0][0]
         ^^^^^^^^^^^^^^^^^^^^^^^^^^^^^^^^^^^^^^^^^^^^^
E   swisseph.Error: swisseph.fixstar2_ut: error, swe_fixstar(): could not find star name ,beAri</failure></testcase><testcase classname="tests.test_ana_gm_parity_audit.TestParityVerdict" name="test_sign_and_house_parity" time="0.001" /></testsuite></testsuites>