<?xml version="1.0" encoding="utf-8"?><testsuites name="pytest tests"><testsuite name="pytest" errors="0" failures="0" skipped="0" tests="14" time="1.207" timestamp="2026-06-27T11:43:14.275851+00:00" hostname="agent-env-dbd223c5-e766-484a-9be9-9f72f4486104"><testcase classname="backend.tests.test_ana_gm_chart_integrity.TestPeekChartAngles" name="test_ok" time="0.363" /><testcase classname="backend.tests.test_ana_gm_chart_integrity.TestPeekChartAngles" name="test_user_birth_data_intact" time="0.000" /><testcase classname="backend.tests.test_ana_gm_chart_integrity.TestPeekChartAngles" name="test_stored_asc_aries" time="0.000" /><testcase classname="backend.tests.test_ana_gm_chart_integrity.TestPeekChartAngles" name="test_stored_mc_capricorn" time="0.000" /><testcase classname="backend.tests.test_ana_gm_chart_integrity.TestPeekChartAngles" name="test_legacy_migration_info_residue_present" time="0.000" /><testcase classname="backend.tests.test_ana_gm_chart_integrity.TestMemberSummary" name="test_aries_rising_not_sagittarius" time="0.206" /><testcase classname="backend.tests.test_ana_gm_chart_integrity.TestMemberSummary" name="test_hd_manifesting_generator_3_5_sacral" time="0.000" /><testcase classname="backend.tests.test_ana_gm_chart_integrity.TestMemberMappings" name="test_hd_signals_present" time="0.218" /><testcase classname="backend.tests.test_ana_gm_chart_integrity.TestMemberMappings" name="test_hd_signals_have_narrative" time="0.000" /><testcase classname="backend.tests.test_ana_gm_chart_integrity.TestMemberMappings" name="test_human_design_field_present" time="0.000" /><testcase classname="backend.tests.test_ana_gm_chart_integrity.TestSunMoonDiagnosisVsGM" name="test_sun_moon_mirror_values" time="0.346" /><testcase classname="backend.tests.test_ana_gm_chart_integrity.TestSunMoonDiagnosisVsGM" name="test_engine_uses_true_sidereal_13sign" time="0.000" /><testcase classname="backend.tests.test_ana_gm_chart_integrity.TestSunMoonDiagnosisVsGM" name="test_13sign_zodiac_in_use" time="0.000" /><testcase classname="backend.tests.test_ana_gm_chart_integrity.TestSunMoonDiagnosisVsGM" name="test_record_diagnosis_for_main_agent" time="0.000" /></testsuite></testsuites>