<?xml version="1.0" encoding="utf-8"?><testsuites name="pytest tests"><testsuite name="pytest" errors="0" failures="0" skipped="0" tests="3" time="0.027" timestamp="2026-06-28T00:07:16.070629+00:00" hostname="agent-env-dbd223c5-e766-484a-9be9-9f72f4486104"><testcase classname="tests.test_ana_gm_parity_audit_v2.TestParityDirect13Sign" name="test_print_and_check" time="0.002" /><testcase classname="tests.test_ana_gm_parity_audit_v2.TestSharatanAyanamsa" name="test_sharatan_ayanamsa_and_delta" time="0.000" /><testcase classname="tests.test_ana_gm_parity_audit_v2.TestSignCrossingsUnderTwoAyanamsas" name="test_sign_crossings" time="0.000" /></testsuite></testsuites>