<?xml version="1.0" encoding="utf-8"?><testsuites name="pytest tests"><testsuite name="pytest" errors="0" failures="1" skipped="0" tests="4" time="12.614" timestamp="2026-06-11T19:14:37.126357+00:00" hostname="agent-env-1499bb60-8500-40b9-98e9-5acb13e092c7"><testcase classname="tests.test_b2_mirror_chat_shadow" name="test_health_ok" time="0.335" /><testcase classname="tests.test_b2_mirror_chat_shadow" name="test_mirror_chat_unresolved_named_sarah" time="3.239"><failure message="AssertionError: {}&#10;assert None == 'Sarah'&#10; +  where None = &lt;built-in method get of dict object at 0xff96bd5492c0&gt;('target_unresolved_name')&#10; +    where &lt;built-in method get of dict object at 0xff96bd5492c0&gt; = {}.get">tests/test_b2_mirror_chat_shadow.py:95: in test_mirror_chat_unresolved_named_sarah
    assert rel.get("target_unresolved_name") == "Sarah", rel
E   AssertionError: {}
E   assert None == 'Sarah'
E    +  where None = &lt;built-in method get of dict object at 0xff96bd5492c0&gt;('target_unresolved_name')
E    +    where &lt;built-in method get of dict object at 0xff96bd5492c0&gt; = {}.get</failure></testcase><testcase classname="tests.test_b2_mirror_chat_shadow" name="test_mirror_chat_no_propername_no_falsefire" time="5.130" /><testcase classname="tests.test_b2_mirror_chat_shadow" name="test_mirror_chat_explicit_target_resolved" time="3.477" /></testsuite></testsuites>