<?xml version="1.0" encoding="utf-8"?><testsuites name="pytest tests"><testsuite name="pytest" errors="0" failures="0" skipped="0" tests="4" time="16.609" timestamp="2026-06-11T19:17:46.976985+00:00" hostname="agent-env-1499bb60-8500-40b9-98e9-5acb13e092c7"><testcase classname="backend.tests.test_b2_mirror_chat_shadow" name="test_health_ok" time="0.344" /><testcase classname="backend.tests.test_b2_mirror_chat_shadow" name="test_mirror_chat_unresolved_named_sarah" time="4.627" /><testcase classname="backend.tests.test_b2_mirror_chat_shadow" name="test_mirror_chat_no_propername_no_falsefire" time="8.971" /><testcase classname="backend.tests.test_b2_mirror_chat_shadow" name="test_mirror_chat_explicit_target_resolved" time="2.544" /></testsuite></testsuites>