<?xml version="1.0" encoding="utf-8"?><testsuites name="pytest tests"><testsuite name="pytest" errors="0" failures="0" skipped="0" tests="28" time="0.162" timestamp="2026-07-22T08:25:32.490892+00:00" hostname="agent-env-dbd223c5-e766-484a-9be9-9f72f4486104"><testcase classname="tests.test_relationship_enneagram_engine_lite" name="test_minimum_core_only_returns_complete_v2_card" time="0.001" /><testcase classname="tests.test_relationship_enneagram_engine_lite" name="test_returns_none_when_core_missing" time="0.000" /><testcase classname="tests.test_relationship_enneagram_engine_lite" name="test_returns_none_when_core_invalid" time="0.000" /><testcase classname="tests.test_relationship_enneagram_engine_lite" name="test_hand_authored_used_for_3x7_pair" time="0.000" /><testcase classname="tests.test_relationship_enneagram_engine_lite" name="test_required_hand_authored_pairs_exist" time="0.000" /><testcase classname="tests.test_relationship_enneagram_engine_lite" name="test_hand_authored_same_type_pair" time="0.000" /><testcase classname="tests.test_relationship_enneagram_engine_lite" name="test_fallback_used_for_unspecified_pair" time="0.000" /><testcase classname="tests.test_relationship_enneagram_engine_lite" name="test_fallback_uses_line_awareness_when_relevant" time="0.000" /><testcase classname="tests.test_relationship_enneagram_engine_lite" name="test_directional_signals_preserved_after_v2_card_attached" time="0.000" /><testcase classname="tests.test_relationship_enneagram_engine_lite" name="test_diagnostics_complete_for_3x7" time="0.000" /><testcase classname="tests.test_relationship_enneagram_engine_lite" name="test_diagnostics_line_relationship_stress" time="0.000" /><testcase classname="tests.test_relationship_enneagram_engine_lite" name="test_diagnostics_line_relationship_security" time="0.000" /><testcase classname="tests.test_relationship_enneagram_engine_lite" name="test_diagnostics_shared_center" time="0.000" /><testcase classname="tests.test_relationship_enneagram_engine_lite" name="test_wing_extraction_from_string_style" time="0.000" /><testcase classname="tests.test_relationship_enneagram_engine_lite" name="test_wing_returns_none_when_invalid" time="0.000" /><testcase classname="tests.test_relationship_enneagram_engine_lite" name="test_find_forbidden_language_detects_each_token" time="0.000" /><testcase classname="tests.test_relationship_enneagram_engine_lite" name="test_find_forbidden_language_clean_on_mirror_phrases" time="0.000" /><testcase classname="tests.test_relationship_enneagram_engine_lite" name="test_no_forbidden_language_in_any_hand_authored_cell" time="0.000" /><testcase classname="tests.test_relationship_enneagram_engine_lite" name="test_no_forbidden_language_in_full_1_through_9_sweep" time="0.002" /><testcase classname="tests.test_relationship_enneagram_engine_lite" name="test_full_9x9_sweep_v2_card_complete" time="0.002" /><testcase classname="tests.test_relationship_enneagram_engine_lite" name="test_resolves_from_nested_inferred_core" time="0.000" /><testcase classname="tests.test_relationship_enneagram_engine_lite" name="test_resolves_from_legacy_scalar" time="0.000" /><testcase classname="tests.test_relationship_enneagram_engine_lite" name="test_stress_and_security_lines_symmetry_property" time="0.000" /><testcase classname="tests.test_relationship_enneagram_engine_lite" name="test_type_center_covers_all_nine" time="0.000" /><testcase classname="tests.test_relationship_enneagram_engine_lite" name="test_db_sweep_v2_card_when_both_types_present" time="0.096" /><testcase classname="tests.test_relationship_enneagram_engine_lite" name="test_snapshot_3x7_signature_phrases" time="0.000" /><testcase classname="tests.test_relationship_enneagram_engine_lite" name="test_snapshot_8x5_signature_phrases" time="0.000" /><testcase classname="tests.test_relationship_enneagram_engine_lite" name="test_snapshot_3x6_signature_phrases" time="0.000" /></testsuite></testsuites>