<?xml version="1.0" encoding="utf-8"?><testsuites name="pytest tests"><testsuite name="pytest" errors="0" failures="0" skipped="0" tests="10" time="25.757" timestamp="2026-06-12T18:14:35.881120+00:00" hostname="agent-env-1499bb60-8500-40b9-98e9-5acb13e092c7"><testcase classname="backend.tests.test_fkr_v1_endpoints.TestHealth" name="test_health" time="0.266" /><testcase classname="backend.tests.test_fkr_v1_endpoints.TestLockedFlags" name="test_locked_flags_untouched" time="0.001" /><testcase classname="backend.tests.test_fkr_v1_endpoints.TestMirrorChatFKR" name="test_thaddeus_incarnation_cross_no_sphinx" time="3.464" /><testcase classname="backend.tests.test_fkr_v1_endpoints.TestMirrorChatFKR" name="test_pete_midheaven_28_virgo" time="2.955" /><testcase classname="backend.tests.test_fkr_v1_endpoints.TestMirrorChatFKR" name="test_relationship_pete_mel" time="4.682" /><testcase classname="backend.tests.test_fkr_v1_endpoints.TestMirrorChatFKR" name="test_comparison_pete_mel" time="7.853" /><testcase classname="backend.tests.test_fkr_v1_endpoints.TestForumChatFKR" name="test_forum_chat_pete_mel" time="2.415" /><testcase classname="backend.tests.test_fkr_v1_endpoints.TestFKRLogEmission" name="test_fkr_log_line_present" time="2.037" /><testcase classname="backend.tests.test_fkr_v1_endpoints.TestFKRLogEmission" name="test_fkr_log_mirror_block_present" time="1.009" /><testcase classname="backend.tests.test_fkr_v1_endpoints.TestFKRLogEmission" name="test_fkr_log_forum_block_present" time="1.009" /></testsuite></testsuites>