<?xml version="1.0" encoding="utf-8"?><testsuites name="pytest tests"><testsuite name="pytest" errors="0" failures="0" skipped="0" tests="7" time="6.934" timestamp="2026-06-13T01:11:25.040759+00:00" hostname="agent-env-1499bb60-8500-40b9-98e9-5acb13e092c7"><testcase classname="backend.tests.test_hd_incarnation_cross_integrity" name="test_health" time="0.404" /><testcase classname="backend.tests.test_hd_incarnation_cross_integrity" name="test_hd_mechanics_cross[69dd0b2cc92ba973f8838c11]" time="0.054" /><testcase classname="backend.tests.test_hd_incarnation_cross_integrity" name="test_hd_mechanics_cross[69dda348de9cb1c83c0780f8]" time="0.045" /><testcase classname="backend.tests.test_hd_incarnation_cross_integrity" name="test_hd_mechanics_cross[697f0c6abf35c0528ff06954]" time="0.047" /><testcase classname="backend.tests.test_hd_incarnation_cross_integrity" name="test_locked_flags_untouched" time="0.000" /><testcase classname="backend.tests.test_hd_incarnation_cross_integrity" name="test_mirror_chat_pete_about_thaddeus_returns_sleeping_phoenix" time="3.308" /><testcase classname="backend.tests.test_hd_incarnation_cross_integrity" name="test_mirror_chat_pete_self_returns_migration" time="3.015" /></testsuite></testsuites>