<?xml version="1.0" encoding="utf-8"?><testsuites name="pytest tests"><testsuite name="pytest" errors="0" failures="0" skipped="0" tests="19" time="0.346" timestamp="2026-07-22T08:25:37.498400+00:00" hostname="agent-env-dbd223c5-e766-484a-9be9-9f72f4486104"><testcase classname="tests.test_relationship_numerology_engine_lite" name="test_minimum_life_path_only_returns_complete_v2_card" time="0.000" /><testcase classname="tests.test_relationship_numerology_engine_lite" name="test_returns_none_when_life_path_missing" time="0.000" /><testcase classname="tests.test_relationship_numerology_engine_lite" name="test_hand_authored_cell_used_for_11x3_pair" time="0.000" /><testcase classname="tests.test_relationship_numerology_engine_lite" name="test_hand_authored_cells_exist_for_required_pairs" time="0.000" /><testcase classname="tests.test_relationship_numerology_engine_lite" name="test_fallback_used_for_unspecified_pair" time="0.000" /><testcase classname="tests.test_relationship_numerology_engine_lite" name="test_fallback_same_life_path" time="0.000" /><testcase classname="tests.test_relationship_numerology_engine_lite" name="test_themes_field_preserved_after_v2_card_attached" time="0.000" /><testcase classname="tests.test_relationship_numerology_engine_lite" name="test_diagnostics_complete_for_pete_mel" time="0.000" /><testcase classname="tests.test_relationship_numerology_engine_lite" name="test_shared_numbers_correctly_intersected" time="0.000" /><testcase classname="tests.test_relationship_numerology_engine_lite" name="test_master_number_flags_for_both_sides" time="0.000" /><testcase classname="tests.test_relationship_numerology_engine_lite" name="test_find_forbidden_language_detects_each_token" time="0.000" /><testcase classname="tests.test_relationship_numerology_engine_lite" name="test_find_forbidden_language_clean_on_mirror_phrases" time="0.000" /><testcase classname="tests.test_relationship_numerology_engine_lite" name="test_no_forbidden_language_in_any_hand_authored_cell" time="0.000" /><testcase classname="tests.test_relationship_numerology_engine_lite" name="test_no_forbidden_language_in_compositional_fallback_sweep" time="0.002" /><testcase classname="tests.test_relationship_numerology_engine_lite" name="test_db_sweep_v2_card_always_complete" time="0.191" /><testcase classname="tests.test_relationship_numerology_engine_lite" name="test_phase1_hit_rate_unchanged_with_v2_card_enrichment" time="0.124" /><testcase classname="tests.test_relationship_numerology_engine_lite" name="test_snapshot_pete_mel_signature_phrases" time="0.000" /><testcase classname="tests.test_relationship_numerology_engine_lite" name="test_snapshot_pete_isaac_signature_phrases" time="0.000" /><testcase classname="tests.test_relationship_numerology_engine_lite" name="test_snapshot_pete_thaddeus_signature_phrases" time="0.000" /></testsuite></testsuites>