<?xml version="1.0" encoding="utf-8"?><testsuites name="pytest tests"><testsuite name="pytest" errors="0" failures="0" skipped="0" tests="7" time="26.429" timestamp="2026-06-13T01:48:38.287352+00:00" hostname="agent-env-1499bb60-8500-40b9-98e9-5acb13e092c7"><testcase classname="tests.test_p0_relationship_graph_consistency.TestHealth" name="test_health_ok" time="0.306" /><testcase classname="tests.test_p0_relationship_graph_consistency.TestLockedFlags" name="test_locked_flags_untouched" time="0.001" /><testcase classname="tests.test_p0_relationship_graph_consistency.TestRoleBridge" name="test_mel_bridges_as_spouse" time="6.825" /><testcase classname="tests.test_p0_relationship_graph_consistency.TestRoleBridge" name="test_thaddeus_bridges_as_child" time="5.752" /><testcase classname="tests.test_p0_relationship_graph_consistency.TestRoleBridge" name="test_isaac_bridges_as_child" time="6.395" /><testcase classname="tests.test_p0_relationship_graph_consistency.TestRegressionThaddeusCross" name="test_thaddeus_cross_sleeping_phoenix" time="3.884" /><testcase classname="tests.test_p0_relationship_graph_consistency.TestForumYoongChildren" name="test_yoong_forum_children_reference" time="3.208" /></testsuite></testsuites>