<?xml version="1.0" encoding="utf-8"?><testsuites name="pytest tests"><testsuite name="pytest" errors="0" failures="1" skipped="0" tests="9" time="40.692" timestamp="2026-06-13T02:15:29.427562+00:00" hostname="agent-env-1499bb60-8500-40b9-98e9-5acb13e092c7"><testcase classname="tests.test_p1_relationship_group_classifier.TestHealth" name="test_health_ok" time="0.394" /><testcase classname="tests.test_p1_relationship_group_classifier.TestLockedFlags" name="test_locked_flags_untouched" time="0.001" /><testcase classname="tests.test_p1_relationship_group_classifier.TestGroupExpansion" name="test_the_boys_differ_emotionally" time="7.290" /><testcase classname="tests.test_p1_relationship_group_classifier.TestGroupExpansion" name="test_which_child_more_like_me" time="5.657" /><testcase classname="tests.test_p1_relationship_group_classifier.TestGroupExpansion" name="test_our_family" time="5.573"><failure message="AssertionError: Response should reference 'thaddeus'. Got:&#10;  there's an emphasis on integration in your family dynamics lately. i notice you mentioned feeling a deeper connection with your partner, mel, as you both engaged in more open and vulnerable conversations. this sense of reconnecting may be bringing warmth and trust back, offering a comforting space to explore emotions and thoughts together. in terms of personal rhythms, you're synthesizing various experiences and insights, which appears to be a shared theme across your household. with different family members navigating their unique paths, it's as if each of you is finding your own way to settle into the present moment. what stands out for you in this process of integration and connection with your family?&#10;assert 'thaddeus' in &quot;there's an emphasis on integration in your family dynamics lately. i notice you mentioned feeling a deeper connection with your partner, mel, as you both engaged in more open and vulnerable conversations. this sense of reconnecting may be bringing warmth and trust back, offering a comforting space to explore emotions and thoughts together. in terms of personal rhythms, you're synthesizing various experiences and insights, which appears to be a shared theme across your household. with different family members navigating their unique paths, it's as if each of you is finding your own way to settle into the present moment. what stands out for you in this process of integration and connection with your family?&quot;">tests/test_p1_relationship_group_classifier.py:236: in test_our_family
    assert name in text, (
E   AssertionError: Response should reference 'thaddeus'. Got:
E     there's an emphasis on integration in your family dynamics lately. i notice you mentioned feeling a deeper connection with your partner, mel, as you both engaged in more open and vulnerable conversations. this sense of reconnecting may be bringing warmth and trust back, offering a comforting space to explore emotions and thoughts together. in terms of personal rhythms, you're synthesizing various experiences and insights, which appears to be a shared theme across your household. with different family members navigating their unique paths, it's as if each of you is finding your own way to settle into the present moment. what stands out for you in this process of integration and connection with your family?
E   assert 'thaddeus' in "there's an emphasis on integration in your family dynamics lately. i notice you mentioned feeling a deeper connection with your partner, mel, as you both engaged in more open and vulnerable conversations. this sense of reconnecting may be bringing warmth and trust back, offering a comforting space to explore emotions and thoughts together. in terms of personal rhythms, you're synthesizing various experiences and insights, which appears to be a shared theme across your household. with different family members navigating their unique paths, it's as if each of you is finding your own way to settle into the present moment. what stands out for you in this process of integration and connection with your family?"</failure></testcase><testcase classname="tests.test_p1_relationship_group_classifier.TestClassifierExpansion" name="test_thaddeus_need_from_me_relationship_mode" time="6.211" /><testcase classname="tests.test_p1_relationship_group_classifier.TestClassifierExpansion" name="test_group_blind_spot_forum_dynamics" time="7.137" /><testcase classname="tests.test_p1_relationship_group_classifier.TestRegressionThaddeusCross" name="test_thaddeus_cross_sleeping_phoenix" time="2.339" /><testcase classname="tests.test_p1_relationship_group_classifier.TestRegressionMelSpouse" name="test_mel_treated_as_spouse" time="6.007" /></testsuite></testsuites>