<?xml version="1.0" encoding="utf-8"?><testsuites name="pytest tests"><testsuite name="pytest" errors="0" failures="0" skipped="0" tests="22" time="26.860" timestamp="2026-05-25T11:03:14.225782+00:00" hostname="agent-env-f4150bb6-ff57-4591-a680-f27289c54e84"><testcase classname="tests.test_pressure_topology_v6.TestPressureTopologyEngine" name="test_pete_chart_exists" time="0.075" /><testcase classname="tests.test_pressure_topology_v6.TestPressureTopologyEngine" name="test_pete_topology_structure" time="0.001" /><testcase classname="tests.test_pressure_topology_v6.TestPressureTopologyEngine" name="test_pete_compression_detected" time="0.000" /><testcase classname="tests.test_pressure_topology_v6.TestPressureTopologyEngine" name="test_pete_pisces_stellium_repetition" time="0.000" /><testcase classname="tests.test_pressure_topology_v6.TestPressureTopologyEngine" name="test_pete_third_house_hub" time="0.000" /><testcase classname="tests.test_pressure_topology_v6.TestPressureTopologyEngine" name="test_pete_virgo_pisces_contradiction" time="0.000" /><testcase classname="tests.test_pressure_topology_v6.TestPressureTopologyEngine" name="test_pete_narrative_constraints" time="0.000" /><testcase classname="tests.test_pressure_topology_v6.TestPressureTopologyEngineMel" name="test_mel_chart_exists" time="0.005" /><testcase classname="tests.test_pressure_topology_v6.TestPressureTopologyEngineMel" name="test_mel_pluto_pressure_detected" time="0.000" /><testcase classname="tests.test_pressure_topology_v6.TestPressureTopologyEngineMel" name="test_mel_virgo_stellium" time="0.000" /><testcase classname="tests.test_pressure_topology_v6.TestPressureTopologyEngineMel" name="test_mel_survival_strategy" time="0.000" /><testcase classname="tests.test_pressure_topology_v6.TestAstrologyIntentClassifier" name="test_whole_chart_routes_to_pressure_topology" time="0.007" /><testcase classname="tests.test_pressure_topology_v6.TestAstrologyIntentClassifier" name="test_chart_say_about_me_routes_to_pressure_topology" time="0.000" /><testcase classname="tests.test_pressure_topology_v6.TestAstrologyIntentClassifier" name="test_10th_house_routes_to_house_inventory" time="0.000" /><testcase classname="tests.test_pressure_topology_v6.TestAstrologyIntentClassifier" name="test_natal_chiron_routes_to_natal_object" time="0.000" /><testcase classname="tests.test_pressure_topology_v6.TestAstrologyIntentClassifier" name="test_mars_now_routes_to_transit_object" time="0.000" /><testcase classname="tests.test_pressure_topology_v6.TestMirrorChatPressureTopology" name="test_pete_whole_chart_expresses_topology" time="5.045" /><testcase classname="tests.test_pressure_topology_v6.TestMirrorChatPressureTopology" name="test_pete_response_mentions_topology_themes" time="6.396" /><testcase classname="tests.test_pressure_topology_v6.TestMirrorChatPressureTopology" name="test_mel_whole_chart_expresses_topology" time="4.940" /><testcase classname="tests.test_pressure_topology_v6.TestRoutingRegression" name="test_pete_natal_chiron_uses_natal_object_engine" time="3.143" /><testcase classname="tests.test_pressure_topology_v6.TestRoutingRegression" name="test_pete_10th_house_uses_inventory_engine" time="4.020" /><testcase classname="tests.test_pressure_topology_v6.TestRoutingRegression" name="test_pete_mars_now_uses_transit_engine" time="3.147" /></testsuite></testsuites>