<?xml version="1.0" encoding="utf-8"?><testsuites name="pytest tests"><testsuite name="pytest" errors="0" failures="0" skipped="0" tests="7" time="25.800" timestamp="2026-06-14T06:35:31.815695+00:00" hostname="agent-env-dbd223c5-e766-484a-9be9-9f72f4486104"><testcase classname="backend.tests.test_slice_a_auto_context_http" name="test_s1_tell_me_about_mel_with_about_person_id" time="3.613" /><testcase classname="backend.tests.test_slice_a_auto_context_http" name="test_s2_thaddeus_name_only_resolution" time="3.988" /><testcase classname="backend.tests.test_slice_a_auto_context_http" name="test_s3_tell_me_about_myself_self" time="3.335" /><testcase classname="backend.tests.test_slice_a_auto_context_http" name="test_s4_pairwise_mel_thaddeus" time="6.635" /><testcase classname="backend.tests.test_slice_a_auto_context_http" name="test_s5_multi_person_my_children" time="3.094" /><testcase classname="backend.tests.test_slice_a_auto_context_http" name="test_s6_forum_whole_energy" time="2.704" /><testcase classname="backend.tests.test_slice_a_auto_context_http" name="test_s7_no_leakage_explicit_check" time="2.368" /></testsuite></testsuites>