<?xml version="1.0" encoding="utf-8"?><testsuites name="pytest tests"><testsuite name="pytest" errors="0" failures="0" skipped="0" tests="39" time="4.340" timestamp="2026-07-22T05:48:42.427404+00:00" hostname="agent-env-dbd223c5-e766-484a-9be9-9f72f4486104"><testcase classname="tests.test_timeline_profection_api.TestProfectionCurrent" name="test_current_no_date" time="0.181" /><testcase classname="tests.test_timeline_profection_api.TestProfectionCurrent" name="test_current_historical_2000_01_01" time="0.042" /><testcase classname="tests.test_timeline_profection_api.TestProfectionCurrent" name="test_current_future_2050" time="0.040" /><testcase classname="tests.test_timeline_profection_api.TestProfectionCurrent" name="test_current_invalid_user_id_returns_400" time="0.040" /><testcase classname="tests.test_timeline_profection_api.TestProfectionCurrent" name="test_current_missing_user_returns_404" time="0.041" /><testcase classname="tests.test_timeline_profection_api.TestProfectionCurrent" name="test_current_invalid_date_returns_400" time="0.041" /><testcase classname="tests.test_timeline_profection_api.TestProfectionCurrent" name="test_interpretation_has_six_mirror_v2_answers" time="0.040" /><testcase classname="tests.test_timeline_profection_api.TestProfectionCurrent" name="test_tone_contract_all_true" time="0.039" /><testcase classname="tests.test_timeline_profection_api.TestProfectionCurrent" name="test_timing_signals_annual_profection_wrapper" time="0.040" /><testcase classname="tests.test_timeline_profection_api.TestProfectionSeries" name="test_series_shape_and_sequence" time="0.046" /><testcase classname="tests.test_timeline_profection_api.TestProfectionSeries" name="test_series_exactly_one_is_current" time="0.048" /><testcase classname="tests.test_timeline_profection_api.TestRegressionExistingEndpoints" name="test_admin_build_info" time="0.046" /><testcase classname="tests.test_timeline_profection_api.TestRegressionExistingEndpoints" name="test_admin_dual_house_audit" time="0.038" /><testcase classname="tests.test_timeline_profection_api.TestRegressionExistingEndpoints" name="test_mirror_endpoint_reachable" time="0.236" /><testcase classname="tests.test_annual_profection_engine" name="test_age_before_birthday" time="0.000" /><testcase classname="tests.test_annual_profection_engine" name="test_age_on_and_after_birthday" time="0.000" /><testcase classname="tests.test_annual_profection_engine" name="test_feb29_birthday_fallback" time="0.000" /><testcase classname="tests.test_annual_profection_engine" name="test_12_year_cycle_activates_first_house_at_age_0_12_24" time="0.000" /><testcase classname="tests.test_annual_profection_engine" name="test_second_year_activates_second_house" time="0.000" /><testcase classname="tests.test_annual_profection_engine" name="test_series_covers_full_lifespan_without_error" time="0.000" /><testcase classname="tests.test_annual_profection_engine" name="test_lord_of_the_year_traditional_mapping[Aries-Mars]" time="0.000" /><testcase classname="tests.test_annual_profection_engine" name="test_lord_of_the_year_traditional_mapping[Taurus-Venus]" time="0.000" /><testcase classname="tests.test_annual_profection_engine" name="test_lord_of_the_year_traditional_mapping[Gemini-Mercury]" time="0.000" /><testcase classname="tests.test_annual_profection_engine" name="test_lord_of_the_year_traditional_mapping[Cancer-Moon]" time="0.000" /><testcase classname="tests.test_annual_profection_engine" name="test_lord_of_the_year_traditional_mapping[Leo-Sun]" time="0.000" /><testcase classname="tests.test_annual_profection_engine" name="test_lord_of_the_year_traditional_mapping[Virgo-Mercury]" time="0.000" /><testcase classname="tests.test_annual_profection_engine" name="test_lord_of_the_year_traditional_mapping[Libra-Venus]" time="0.000" /><testcase classname="tests.test_annual_profection_engine" name="test_lord_of_the_year_traditional_mapping[Scorpio-Mars]" time="0.000" /><testcase classname="tests.test_annual_profection_engine" name="test_lord_of_the_year_traditional_mapping[Sagittarius-Jupiter]" time="0.000" /><testcase classname="tests.test_annual_profection_engine" name="test_lord_of_the_year_traditional_mapping[Capricorn-Saturn]" time="0.000" /><testcase classname="tests.test_annual_profection_engine" name="test_lord_of_the_year_traditional_mapping[Aquarius-Saturn]" time="0.000" /><testcase classname="tests.test_annual_profection_engine" name="test_lord_of_the_year_traditional_mapping[Pisces-Jupiter]" time="0.000" /><testcase classname="tests.test_annual_profection_engine" name="test_ophiuchus_year_has_no_classical_lord" time="0.000" /><testcase classname="tests.test_annual_profection_engine" name="test_ruler_natal_condition_extracted_from_planets" time="0.000" /><testcase classname="tests.test_annual_profection_engine" name="test_narrative_shape_and_tone_contract" time="0.000" /><testcase classname="tests.test_annual_profection_engine" name="test_timeline_profection_router_registered" time="3.330" /><testcase classname="tests.test_annual_profection_engine" name="test_compute_rejects_naive_datetime" time="0.000" /><testcase classname="tests.test_annual_profection_engine" name="test_compute_rejects_empty_chart" time="0.000" /><testcase classname="tests.test_annual_profection_engine" name="test_historical_and_future_use_same_code_path" time="0.000" /></testsuite></testsuites>