<?xml version="1.0" encoding="utf-8"?><testsuites name="pytest tests"><testsuite name="pytest" errors="0" failures="0" skipped="0" tests="27" time="2.232" timestamp="2026-06-11T15:55:06.680116+00:00" hostname="agent-env-1499bb60-8500-40b9-98e9-5acb13e092c7"><testcase classname="tests.test_timezone_resolution" name="test_resolve_iana_timezone[Argentina--34.6037--58.3816-America/Argentina/Buenos_Aires]" time="0.664" /><testcase classname="tests.test_timezone_resolution" name="test_resolve_iana_timezone[KualaLumpur-3.139-101.6869-Asia/Kuala_Lumpur]" time="0.001" /><testcase classname="tests.test_timezone_resolution" name="test_resolve_iana_timezone[NewYork-40.7128--74.006-America/New_York]" time="0.001" /><testcase classname="tests.test_timezone_resolution" name="test_resolve_iana_timezone[LosAngeles-34.0522--118.2437-America/Los_Angeles]" time="0.000" /><testcase classname="tests.test_timezone_resolution" name="test_resolve_iana_timezone[Chicago-41.8781--87.6298-America/Chicago]" time="0.000" /><testcase classname="tests.test_timezone_resolution" name="test_resolve_iana_timezone[London-51.5074--0.1278-Europe/London]" time="0.000" /><testcase classname="tests.test_timezone_resolution" name="test_resolve_returns_none_for_invalid_inputs" time="0.000" /><testcase classname="tests.test_timezone_resolution" name="test_is_iana_name_rejects_fixed_offsets_and_aliases" time="0.000" /><testcase classname="tests.test_timezone_resolution" name="test_create_user_coords_override_client_timezone[Argentina--34.6037--58.3816-America/Argentina/Buenos_Aires]" time="0.084" /><testcase classname="tests.test_timezone_resolution" name="test_create_user_coords_override_client_timezone[KualaLumpur-3.139-101.6869-Asia/Kuala_Lumpur]" time="0.008" /><testcase classname="tests.test_timezone_resolution" name="test_create_user_coords_override_client_timezone[NewYork-40.7128--74.006-America/New_York]" time="0.007" /><testcase classname="tests.test_timezone_resolution" name="test_create_user_coords_override_client_timezone[LosAngeles-34.0522--118.2437-America/Los_Angeles]" time="0.007" /><testcase classname="tests.test_timezone_resolution" name="test_create_user_coords_override_client_timezone[Chicago-41.8781--87.6298-America/Chicago]" time="0.007" /><testcase classname="tests.test_timezone_resolution" name="test_create_user_coords_override_client_timezone[London-51.5074--0.1278-Europe/London]" time="0.007" /><testcase classname="tests.test_timezone_resolution" name="test_create_user_rejects_fixed_offset_when_no_coords[+00:00]" time="0.460" /><testcase classname="tests.test_timezone_resolution" name="test_create_user_rejects_fixed_offset_when_no_coords[+08:00]" time="0.207" /><testcase classname="tests.test_timezone_resolution" name="test_create_user_rejects_fixed_offset_when_no_coords[UTC]" time="0.427" /><testcase classname="tests.test_timezone_resolution" name="test_create_user_rejects_fixed_offset_when_no_coords[GMT]" time="0.261" /><testcase classname="tests.test_timezone_resolution" name="test_create_saved_person_coords_override_client_timezone[Argentina--34.6037--58.3816-America/Argentina/Buenos_Aires]" time="0.006" /><testcase classname="tests.test_timezone_resolution" name="test_create_saved_person_coords_override_client_timezone[KualaLumpur-3.139-101.6869-Asia/Kuala_Lumpur]" time="0.004" /><testcase classname="tests.test_timezone_resolution" name="test_create_saved_person_coords_override_client_timezone[NewYork-40.7128--74.006-America/New_York]" time="0.004" /><testcase classname="tests.test_timezone_resolution" name="test_create_saved_person_coords_override_client_timezone[LosAngeles-34.0522--118.2437-America/Los_Angeles]" time="0.003" /><testcase classname="tests.test_timezone_resolution" name="test_create_saved_person_coords_override_client_timezone[Chicago-41.8781--87.6298-America/Chicago]" time="0.003" /><testcase classname="tests.test_timezone_resolution" name="test_create_saved_person_coords_override_client_timezone[London-51.5074--0.1278-Europe/London]" time="0.003" /><testcase classname="tests.test_timezone_resolution" name="test_patch_saved_person_recomputes_tz_when_coords_change" time="0.006" /><testcase classname="tests.test_timezone_resolution" name="test_patch_saved_person_rejects_fixed_offset_when_loc_cleared" time="0.006" /><testcase classname="tests.test_timezone_resolution" name="test_patch_saved_person_coord_change_overrides_client_tz" time="0.012" /></testsuite></testsuites>