<?xml version="1.0" encoding="utf-8"?><testsuites name="pytest tests"><testsuite name="pytest" errors="0" failures="0" skipped="0" tests="7" time="1.066" timestamp="2026-07-22T07:13:24.952861+00:00" hostname="agent-env-dbd223c5-e766-484a-9be9-9f72f4486104"><testcase classname="tests.test_timeline_signals_lifecycle_http" name="test_signals_current_engines_run_has_five" time="0.262" /><testcase classname="tests.test_timeline_signals_lifecycle_http" name="test_signals_current_lifecycle_active_saturn_return" time="0.098" /><testcase classname="tests.test_timeline_signals_lifecycle_http" name="test_signals_current_lifecycle_scrubbed_quiet_stretch" time="0.129" /><testcase classname="tests.test_timeline_signals_lifecycle_http" name="test_signals_current_life_milestones_inactive_for_pete" time="0.099" /><testcase classname="tests.test_timeline_signals_lifecycle_http" name="test_signals_current_backcompat_shape" time="0.166" /><testcase classname="tests.test_timeline_signals_lifecycle_http" name="test_profection_current_still_200" time="0.137" /><testcase classname="tests.test_timeline_signals_lifecycle_http" name="test_profection_series_still_200" time="0.106" /></testsuite></testsuites>