<?xml version="1.0" encoding="utf-8"?><testsuites name="pytest tests"><testsuite name="pytest" errors="0" failures="2" skipped="0" tests="14" time="1.710" timestamp="2026-07-22T05:47:40.450579+00:00" hostname="agent-env-dbd223c5-e766-484a-9be9-9f72f4486104"><testcase classname="tests.test_timeline_profection_api.TestProfectionCurrent" name="test_current_no_date" time="0.151" /><testcase classname="tests.test_timeline_profection_api.TestProfectionCurrent" name="test_current_historical_2000_01_01" time="0.043" /><testcase classname="tests.test_timeline_profection_api.TestProfectionCurrent" name="test_current_future_2050" time="0.044" /><testcase classname="tests.test_timeline_profection_api.TestProfectionCurrent" name="test_current_invalid_user_id_returns_400" time="0.040" /><testcase classname="tests.test_timeline_profection_api.TestProfectionCurrent" name="test_current_missing_user_returns_404" time="0.046" /><testcase classname="tests.test_timeline_profection_api.TestProfectionCurrent" name="test_current_invalid_date_returns_400" time="0.042" /><testcase classname="tests.test_timeline_profection_api.TestProfectionCurrent" name="test_interpretation_has_six_mirror_v2_answers" time="0.044" /><testcase classname="tests.test_timeline_profection_api.TestProfectionCurrent" name="test_tone_contract_all_true" time="0.043" /><testcase classname="tests.test_timeline_profection_api.TestProfectionCurrent" name="test_timing_signals_annual_profection_wrapper" time="0.042" /><testcase classname="tests.test_timeline_profection_api.TestProfectionSeries" name="test_series_shape_and_sequence" time="0.044" /><testcase classname="tests.test_timeline_profection_api.TestProfectionSeries" name="test_series_exactly_one_is_current" time="0.048" /><testcase classname="tests.test_timeline_profection_api.TestRegressionExistingEndpoints" name="test_admin_build_info" time="0.050" /><testcase classname="tests.test_timeline_profection_api.TestRegressionExistingEndpoints" name="test_admin_dual_house_audit" time="0.042"><failure message="AssertionError: unexpected status 403: {&quot;detail&quot;:&quot;confirm token required&quot;}&#10;assert 403 in (200, 400, 422)&#10; +  where 403 = &lt;Response [403]&gt;.status_code">tests/test_timeline_profection_api.py:195: in test_admin_dual_house_audit
    assert r.status_code in (200, 400, 422), (
E   AssertionError: unexpected status 403: {"detail":"confirm token required"}
E   assert 403 in (200, 400, 422)
E    +  where 403 = &lt;Response [403]&gt;.status_code</failure></testcase><testcase classname="tests.test_timeline_profection_api.TestRegressionExistingEndpoints" name="test_mirror_root_or_similar_reachable" time="0.936"><failure message="AssertionError: openapi unreachable: 404&#10;assert 404 == 200&#10; +  where 404 = &lt;Response [404]&gt;.status_code">tests/test_timeline_profection_api.py:205: in test_mirror_root_or_similar_reachable
    assert r.status_code == 200, f"openapi unreachable: {r.status_code}"
E   AssertionError: openapi unreachable: 404
E   assert 404 == 200
E    +  where 404 = &lt;Response [404]&gt;.status_code</failure></testcase></testsuite></testsuites>