<?xml version="1.0" encoding="utf-8"?><testsuites name="pytest tests"><testsuite name="pytest" errors="0" failures="0" skipped="0" tests="10" time="0.266" timestamp="2026-06-26T19:24:55.748381+00:00" hostname="agent-env-dbd223c5-e766-484a-9be9-9f72f4486104"><testcase classname="tests.test_forum_mapping_http_v152" name="test_endpoint_returns_mappings" time="0.158" /><testcase classname="tests.test_forum_mapping_http_v152" name="test_legacy_keys_present_on_every_mapping" time="0.000" /><testcase classname="tests.test_forum_mapping_http_v152" name="test_hd_channels_have_per_channel_narrative" time="0.000" /><testcase classname="tests.test_forum_mapping_http_v152" name="test_hd_field_narrative_blocks_present" time="0.000" /><testcase classname="tests.test_forum_mapping_http_v152" name="test_bazi_animal_narrative_present_when_signals_exist" time="0.000" /><testcase classname="tests.test_forum_mapping_http_v152" name="test_numerology_v2_card_present" time="0.000" /><testcase classname="tests.test_forum_mapping_http_v152" name="test_relationship_synthesis_undertone_is_string" time="0.000" /><testcase classname="tests.test_forum_mapping_http_v152" name="test_no_raw_hd_jargon_in_top_story" time="0.001" /><testcase classname="tests.test_forum_mapping_http_v152" name="test_no_duplicate_sentences_across_story_slots" time="0.000" /><testcase classname="tests.test_forum_mapping_http_v152" name="test_between_you_today_endpoint_independent" time="0.045" /></testsuite></testsuites>