<?xml version="1.0" encoding="utf-8"?><testsuites name="pytest tests"><testsuite name="pytest" errors="0" failures="0" skipped="0" tests="12" time="0.555" timestamp="2026-06-27T00:30:50.824006+00:00" hostname="agent-env-dbd223c5-e766-484a-9be9-9f72f4486104"><testcase classname="tests.test_forum_mapping_http_v154" name="test_pete_mel_headline_no_lens_names" time="0.311" /><testcase classname="tests.test_forum_mapping_http_v154" name="test_yoong_headlines_no_lens_names" time="0.121" /><testcase classname="tests.test_forum_mapping_http_v154" name="test_pete_mel_ladder_does_not_echo_story" time="0.001" /><testcase classname="tests.test_forum_mapping_http_v154" name="test_yoong_ladder_does_not_echo_story" time="0.001" /><testcase classname="tests.test_forum_mapping_http_v154" name="test_pete_mel_no_broken_phrases" time="0.000" /><testcase classname="tests.test_forum_mapping_http_v154" name="test_yoong_no_broken_phrases" time="0.000" /><testcase classname="tests.test_forum_mapping_http_v154" name="test_pete_mel_undertone_independent" time="0.000" /><testcase classname="tests.test_forum_mapping_http_v154" name="test_yoong_undertone_independent" time="0.000" /><testcase classname="tests.test_forum_mapping_http_v154" name="test_mel_asc_sanity" time="0.048" /><testcase classname="tests.test_forum_mapping_http_v154" name="test_case4_legacy_plus_08_fallback_code_present" time="0.010" /><testcase classname="tests.test_forum_mapping_http_v154" name="test_pete_mel_payload_shape" time="0.000" /><testcase classname="tests.test_forum_mapping_http_v154" name="test_yoong_payload_shape" time="0.000" /></testsuite></testsuites>