<?xml version="1.0" encoding="utf-8"?><testsuites name="pytest tests"><testsuite name="pytest" errors="0" failures="0" skipped="0" tests="72" time="2.951" timestamp="2026-06-27T00:30:57.789809+00:00" hostname="agent-env-dbd223c5-e766-484a-9be9-9f72f4486104"><testcase classname="tests.test_forum_mapping_http_v152" name="test_endpoint_returns_mappings" time="0.157" /><testcase classname="tests.test_forum_mapping_http_v152" name="test_legacy_keys_present_on_every_mapping" time="0.000" /><testcase classname="tests.test_forum_mapping_http_v152" name="test_hd_channels_have_per_channel_narrative" time="0.000" /><testcase classname="tests.test_forum_mapping_http_v152" name="test_hd_field_narrative_blocks_present" time="0.000" /><testcase classname="tests.test_forum_mapping_http_v152" name="test_bazi_animal_narrative_present_when_signals_exist" time="0.000" /><testcase classname="tests.test_forum_mapping_http_v152" name="test_numerology_v2_card_present" time="0.000" /><testcase classname="tests.test_forum_mapping_http_v152" name="test_relationship_synthesis_undertone_is_string" time="0.000" /><testcase classname="tests.test_forum_mapping_http_v152" name="test_no_raw_hd_jargon_in_top_story" time="0.001" /><testcase classname="tests.test_forum_mapping_http_v152" name="test_no_duplicate_sentences_across_story_slots" time="0.000" /><testcase classname="tests.test_forum_mapping_http_v152" name="test_between_you_today_endpoint_independent" time="2.593" /><testcase classname="tests.test_forum_mapping_payload_v152" name="test_payload_has_relationship_synthesis_with_undertone" time="0.016" /><testcase classname="tests.test_forum_mapping_payload_v152" name="test_hd_channels_each_have_narrative_block" time="0.008" /><testcase classname="tests.test_forum_mapping_payload_v152" name="test_hd_field_has_narrative_blocks" time="0.008" /><testcase classname="tests.test_forum_mapping_payload_v152" name="test_bazi_signals_have_animal_narrative" time="0.008" /><testcase classname="tests.test_forum_mapping_payload_v152" name="test_numerology_v2_card_present" time="0.008" /><testcase classname="tests.test_forum_mapping_payload_v152" name="test_legacy_fields_still_present" time="0.008" /><testcase classname="tests.test_mirror_kg_v151_humanizer" name="test_humanize_strips_ajna" time="0.000" /><testcase classname="tests.test_mirror_kg_v151_humanizer" name="test_humanize_solar_plexus" time="0.000" /><testcase classname="tests.test_mirror_kg_v151_humanizer" name="test_humanize_manifestor_reflector" time="0.000" /><testcase classname="tests.test_mirror_kg_v151_humanizer" name="test_no_duplicate_sentences_across_story_slots" time="0.002" /><testcase classname="tests.test_mirror_kg_v151_humanizer" name="test_no_tech_terms_in_top_story" time="0.002" /><testcase classname="tests.test_mirror_kg_v151_humanizer" name="test_regression_no_production_broken_phrases_in_top_story" time="0.002" /><testcase classname="tests.test_mirror_kg_v151_humanizer" name="test_humanize_strips_possessive_prefix_for_ajna_certainty" time="0.000" /><testcase classname="tests.test_mirror_kg_v151_humanizer" name="test_humanize_handles_hyphenated_open_solar_plexus" time="0.000" /><testcase classname="tests.test_mirror_kg_v151_humanizer" name="test_humanize_replaces_lunar_authority" time="0.000" /><testcase classname="tests.test_mirror_kg_v151_humanizer" name="test_humanize_no_compound_open_defined_the_field" time="0.000" /><testcase classname="tests.test_mirror_kg_v151_humanizer" name="test_humanize_sentence_level_atomicity" time="0.000" /><testcase classname="tests.test_mirror_kg_v151_humanizer" name="test_evidence_ladder_keeps_technical_refs" time="0.002" /><testcase classname="tests.test_mirror_kg_v151_humanizer" name="test_ladder_does_not_echo_story_slots" time="0.002" /><testcase classname="tests.test_mirror_kg_v151_humanizer" name="test_headline_no_lens_names" time="0.002" /><testcase classname="tests.test_mirror_kg_v151_humanizer" name="test_diversified_slots_distinct_signals" time="0.002" /><testcase classname="tests.test_mirror_kg_v151_humanizer" name="test_fallback_when_no_signals" time="0.000" /><testcase classname="tests.test_mirror_kg_v151_humanizer" name="test_undertone_for_today_present_when_signals_exist" time="0.002" /><testcase classname="tests.test_mirror_kg_v151_humanizer" name="test_undertone_does_not_duplicate_top_story_slot" time="0.002" /><testcase classname="tests.test_mirror_kg_v15" name="test_provenance_default_shape" time="0.000" /><testcase classname="tests.test_mirror_kg_v15" name="test_signal_carries_v15_fields" time="0.000" /><testcase classname="tests.test_mirror_kg_v15" name="test_normalizer_v15_overlay_with_per_lens_provenance" time="0.000" /><testcase classname="tests.test_mirror_kg_v15" name="test_stale_provenance_reduces_confidence" time="0.001" /><testcase classname="tests.test_mirror_kg_v15" name="test_verified_multilens_convergence_increases_confidence" time="0.000" /><testcase classname="tests.test_mirror_kg_v15" name="test_kg_has_cross_cuts_and_keeps_existing_keys" time="0.000" /><testcase classname="tests.test_mirror_kg_v15" name="test_evidence_ladder_exists_for_every_claim" time="0.002" /><testcase classname="tests.test_mirror_kg_v15" name="test_technical_refs_preserved_in_evidence_and_ladder" time="0.002" /><testcase classname="tests.test_mirror_kg_v15" name="test_synthesis_existing_keys_unchanged" time="0.002" /><testcase classname="tests.test_mirror_kg_v15" name="test_orchestrator_engine_version_is_v15" time="0.002" /><testcase classname="tests.test_mirror_kg_v15" name="test_pete_mel_snapshot" time="0.002" /><testcase classname="tests.test_mirror_kg_v15" name="test_pete_isaac_snapshot" time="0.002" /><testcase classname="tests.test_mirror_kg_v15" name="test_pete_thaddeus_snapshot" time="0.002" /><testcase classname="tests.test_mirror_kg_v15" name="test_pure_functions_no_side_effects" time="0.005" /><testcase classname="tests.test_hd_channel_narrative" name="test_returns_required_keys_for_curated" time="0.000" /><testcase classname="tests.test_hd_channel_narrative" name="test_curated_inlines_names" time="0.000" /><testcase classname="tests.test_hd_channel_narrative" name="test_template_fallback_for_uncurated" time="0.000" /><testcase classname="tests.test_hd_channel_narrative" name="test_every_hd_channel_yields_narrative" time="0.000" /><testcase classname="tests.test_hd_channel_narrative" name="test_no_mystical_fatalism_terms" time="0.000" /><testcase classname="tests.test_hd_channel_narrative" name="test_version_marker_exposed" time="0.000" /><testcase classname="tests.test_hd_relationship_narrative" name="test_blocks_present_and_populated" time="0.000" /><testcase classname="tests.test_hd_relationship_narrative" name="test_definition_split_dynamics" time="0.000" /><testcase classname="tests.test_hd_relationship_narrative" name="test_profile_interaction_names_lines" time="0.000" /><testcase classname="tests.test_hd_relationship_narrative" name="test_centers_block_calls_out_conditioning" time="0.000" /><testcase classname="tests.test_hd_relationship_narrative" name="test_channels_block_counts" time="0.000" /><testcase classname="tests.test_hd_relationship_narrative" name="test_practical_guidance_pulls_repair_and_growth" time="0.000" /><testcase classname="tests.test_hd_relationship_narrative" name="test_returns_none_on_empty" time="0.000" /><testcase classname="tests.test_hd_relationship_narrative" name="test_version_marker_exposed" time="0.000" /><testcase classname="tests.test_bazi_animal_narrative" name="test_clash_pair_explains_dynamic" time="0.000" /><testcase classname="tests.test_bazi_animal_narrative" name="test_harmony_pair_explains_dynamic" time="0.000" /><testcase classname="tests.test_bazi_animal_narrative" name="test_same_sign_pair" time="0.000" /><testcase classname="tests.test_bazi_animal_narrative" name="test_neutral_pair_explained" time="0.000" /><testcase classname="tests.test_bazi_animal_narrative" name="test_triad_block_same_triad" time="0.000" /><testcase classname="tests.test_bazi_animal_narrative" name="test_triad_block_cross_triad" time="0.000" /><testcase classname="tests.test_bazi_animal_narrative" name="test_inner_clash_uses_day_animals" time="0.000" /><testcase classname="tests.test_bazi_animal_narrative" name="test_returns_none_when_animals_missing" time="0.000" /><testcase classname="tests.test_bazi_animal_narrative" name="test_no_mystical_fatalism" time="0.000" /><testcase classname="tests.test_bazi_animal_narrative" name="test_version_marker_exposed" time="0.000" /></testsuite></testsuites>