<?xml version="1.0" encoding="utf-8"?><testsuites name="pytest tests"><testsuite name="pytest" errors="0" failures="0" skipped="0" tests="45" time="3.634" timestamp="2026-06-26T17:53:35.930176+00:00" hostname="agent-env-dbd223c5-e766-484a-9be9-9f72f4486104"><testcase classname="tests.test_v15_payload_contract.TestVersionMarkers" name="test_normalizer_version" time="0.000" /><testcase classname="tests.test_v15_payload_contract.TestVersionMarkers" name="test_graph_version" time="0.000" /><testcase classname="tests.test_v15_payload_contract.TestVersionMarkers" name="test_orchestrator_version" time="0.000" /><testcase classname="tests.test_v15_payload_contract.TestSynthesisContract" name="test_top_level_keys_present" time="0.001" /><testcase classname="tests.test_v15_payload_contract.TestSynthesisContract" name="test_evidence_ladder_non_empty_list" time="0.000" /><testcase classname="tests.test_v15_payload_contract.TestSynthesisContract" name="test_evidence_ladder_entry_shape" time="0.000" /><testcase classname="tests.test_v15_payload_contract.TestSynthesisContract" name="test_diagnostics_provenance_rollup" time="0.000" /><testcase classname="tests.test_v15_payload_contract.TestSynthesisContract" name="test_diagnostics_engine_version_v15" time="0.000" /><testcase classname="tests.test_v15_payload_contract.TestKnowledgeGraphCrossCuts" name="test_cross_cuts_present" time="0.000" /><testcase classname="tests.test_v15_payload_contract.TestKnowledgeGraphCrossCuts" name="test_cross_cuts_required_buckets" time="0.000" /><testcase classname="tests.test_v15_payload_contract.TestV1BackwardCompat" name="test_story_headline_and_summary" time="0.000" /><testcase classname="tests.test_v15_payload_contract.TestV1BackwardCompat" name="test_evidence_v1_keys" time="0.000" /><testcase classname="tests.test_v15_payload_contract.TestV1BackwardCompat" name="test_confidence_present" time="0.000" /><testcase classname="tests.test_v15_payload_contract.TestV1BackwardCompat" name="test_diagnostics_engine_version_key_present" time="0.000" /><testcase classname="tests.test_mirror_kg_v15" name="test_provenance_default_shape" time="0.000" /><testcase classname="tests.test_mirror_kg_v15" name="test_signal_carries_v15_fields" time="0.000" /><testcase classname="tests.test_mirror_kg_v15" name="test_normalizer_v15_overlay_with_per_lens_provenance" time="0.000" /><testcase classname="tests.test_mirror_kg_v15" name="test_stale_provenance_reduces_confidence" time="0.001" /><testcase classname="tests.test_mirror_kg_v15" name="test_verified_multilens_convergence_increases_confidence" time="0.000" /><testcase classname="tests.test_mirror_kg_v15" name="test_kg_has_cross_cuts_and_keeps_existing_keys" time="0.000" /><testcase classname="tests.test_mirror_kg_v15" name="test_evidence_ladder_exists_for_every_claim" time="0.001" /><testcase classname="tests.test_mirror_kg_v15" name="test_technical_refs_preserved_in_evidence_and_ladder" time="0.001" /><testcase classname="tests.test_mirror_kg_v15" name="test_synthesis_existing_keys_unchanged" time="0.001" /><testcase classname="tests.test_mirror_kg_v15" name="test_orchestrator_engine_version_is_v15" time="0.001" /><testcase classname="tests.test_mirror_kg_v15" name="test_pete_mel_snapshot" time="0.001" /><testcase classname="tests.test_mirror_kg_v15" name="test_pete_isaac_snapshot" time="0.000" /><testcase classname="tests.test_mirror_kg_v15" name="test_pete_thaddeus_snapshot" time="0.000" /><testcase classname="tests.test_mirror_kg_v15" name="test_pure_functions_no_side_effects" time="0.001" /><testcase classname="tests.test_mirror_kg_overlay" name="test_normalizer_hd_field_shape" time="0.000" /><testcase classname="tests.test_mirror_kg_overlay" name="test_normalizer_bazi_shape" time="0.000" /><testcase classname="tests.test_mirror_kg_overlay" name="test_normalizer_numerology_shape" time="0.000" /><testcase classname="tests.test_mirror_kg_overlay" name="test_normalizer_handles_missing_input" time="0.000" /><testcase classname="tests.test_mirror_kg_overlay" name="test_graph_clusters_repair_across_lenses" time="0.000" /><testcase classname="tests.test_mirror_kg_overlay" name="test_confidence_rises_with_three_lens_convergence" time="0.000" /><testcase classname="tests.test_mirror_kg_overlay" name="test_single_lens_confidence_stays_emerging_or_medium" time="0.000" /><testcase classname="tests.test_mirror_kg_overlay" name="test_orchestrator_emits_complete_story" time="0.001" /><testcase classname="tests.test_mirror_kg_overlay" name="test_orchestrator_emits_evidence_tray" time="0.001" /><testcase classname="tests.test_mirror_kg_overlay" name="test_evidence_tray_lines_include_lens_and_source_path" time="0.000" /><testcase classname="tests.test_mirror_kg_overlay" name="test_technical_refs_preserved_through_orchestrator" time="0.000" /><testcase classname="tests.test_mirror_kg_overlay" name="test_no_forbidden_language_in_synthesis" time="0.001" /><testcase classname="tests.test_mirror_kg_overlay" name="test_existing_mapping_keys_preserved" time="3.473" /><testcase classname="tests.test_mirror_kg_overlay" name="test_snapshot_pete_mel" time="0.027" /><testcase classname="tests.test_mirror_kg_overlay" name="test_snapshot_pete_isaac" time="0.027" /><testcase classname="tests.test_mirror_kg_overlay" name="test_snapshot_pete_thaddeus" time="0.026" /><testcase classname="tests.test_mirror_kg_overlay" name="test_build_markers_correct" time="0.000" /></testsuite></testsuites>