<?xml version="1.0" encoding="utf-8"?><testsuites name="pytest tests"><testsuite name="pytest" errors="0" failures="0" skipped="0" tests="12" time="40.488" timestamp="2026-05-28T04:04:58.892426+00:00" hostname="agent-env-f4150bb6-ff57-4591-a680-f27289c54e84"><testcase classname="tests.test_ask_mirror_astrology_v7.TestMemberChartResolver" name="test_extract_possessive_name" time="0.012" /><testcase classname="tests.test_ask_mirror_astrology_v7.TestMemberChartResolver" name="test_extract_skips_stopwords" time="0.000" /><testcase classname="tests.test_ask_mirror_astrology_v7.TestMemberChartResolver" name="test_extract_thaddeus_possessive" time="0.000" /><testcase classname="tests.test_ask_mirror_astrology_v7.TestMemberChartResolver" name="test_resolve_mel_target_for_pete" time="0.073" /><testcase classname="tests.test_ask_mirror_astrology_v7.TestMemberChartResolver" name="test_resolve_self_returns_none" time="0.002" /><testcase classname="tests.test_ask_mirror_astrology_v7.TestMemberChartResolver" name="test_resolve_thaddeus_target_for_pete" time="0.002" /><testcase classname="tests.test_ask_mirror_astrology_v7.TestAskMirrorDelegatesToMel" name="test_pete_asks_about_mels_4th_house_routes_to_mel" time="8.115" /><testcase classname="tests.test_ask_mirror_astrology_v7.TestAskMirrorSelfWholeChart" name="test_pete_my_whole_chart_routes_pressure_topology" time="6.489" /><testcase classname="tests.test_ask_mirror_astrology_v7.TestAstrologyLensRegression" name="test_pete_10th_house_lens_astrology" time="6.703" /><testcase classname="tests.test_ask_mirror_astrology_v7.TestAstrologyLensRegression" name="test_pete_whole_chart_lens_astrology" time="8.549" /><testcase classname="tests.test_ask_mirror_astrology_v7.TestAstrologyLensRegression" name="test_pete_natal_chiron_lens_astrology" time="6.970" /><testcase classname="tests.test_ask_mirror_astrology_v7.TestNoFalsePositiveGate" name="test_non_astrology_ask_mirror_does_not_fire_engine" time="3.500" /></testsuite></testsuites>