<?xml version="1.0" encoding="utf-8"?><testsuites name="pytest tests"><testsuite name="pytest" errors="0" failures="1" skipped="0" tests="7" time="28.207" timestamp="2026-05-28T06:44:11.791346+00:00" hostname="agent-env-f4150bb6-ff57-4591-a680-f27289c54e84"><testcase classname="tests.test_field_synthesis_v8.TestHealthV8" name="test_health_exposes_v7_and_v8_markers" time="0.292" /><testcase classname="tests.test_field_synthesis_v8.TestFieldSynthesisUnit" name="test_mel_4th_house_empty_uses_ruler" time="0.090" /><testcase classname="tests.test_field_synthesis_v8.TestAskMirrorMelFourthHouseV8" name="test_pete_asks_mel_4th_field_synthesis" time="3.583"><failure message="AssertionError: Missing 'saturn' in prose: This emotional foundation field is structurally quiet — no planets occupy the 4th house — so its texture is read through Mercury, the ruler of Virgo, currently in Gemini in the 11th house. What stabilizes it: steady emotional atmosphere, predictable interior conditions — accessed through naming and re-naming what is happening. What disrupts it: the field is editing itself, narrower than the interi&#10;assert 'saturn' in 'this emotional foundation field is structurally quiet — no planets occupy the 4th house — so its texture is read through mercury, the ruler of virgo, currently in gemini in the 11th house. what stabilizes it: steady emotional atmosphere, predictable interior conditions — accessed through naming and re-naming what is happening. what disrupts it: the field is editing itself, narrower than the interior wants. how this person adapts: by metering the depth that is allowed to surface, choosing what to expose. relational consequence: others read this emotional foundation field as composed, contained — and may not realise the cost of the composure.'">tests/test_field_synthesis_v8.py:191: in test_pete_asks_mel_4th_field_synthesis
    assert token in lower, f"Missing '{token}' in prose: {prose[:400]}"
E   AssertionError: Missing 'saturn' in prose: This emotional foundation field is structurally quiet — no planets occupy the 4th house — so its texture is read through Mercury, the ruler of Virgo, currently in Gemini in the 11th house. What stabilizes it: steady emotional atmosphere, predictable interior conditions — accessed through naming and re-naming what is happening. What disrupts it: the field is editing itself, narrower than the interi
E   assert 'saturn' in 'this emotional foundation field is structurally quiet — no planets occupy the 4th house — so its texture is read through mercury, the ruler of virgo, currently in gemini in the 11th house. what stabilizes it: steady emotional atmosphere, predictable interior conditions — accessed through naming and re-naming what is happening. what disrupts it: the field is editing itself, narrower than the interior wants. how this person adapts: by metering the depth that is allowed to surface, choosing what to expose. relational consequence: others read this emotional foundation field as composed, contained — and may not realise the cost of the composure.'</failure></testcase><testcase classname="tests.test_field_synthesis_v8.TestPete10thHouseV8" name="test_pete_10th_house_field_synthesis" time="6.163" /><testcase classname="tests.test_field_synthesis_v8.TestPete1stHouseV8" name="test_pete_1st_house_field_synthesis" time="4.768" /><testcase classname="tests.test_field_synthesis_v8.TestWholeChartNoFieldSynthesis" name="test_pete_whole_chart_no_v8" time="7.727" /><testcase classname="tests.test_field_synthesis_v8.TestNatalObjectNoFieldSynthesis" name="test_pete_natal_chiron_no_v8" time="5.479" /></testsuite></testsuites>