<?xml version="1.0" encoding="utf-8"?><testsuites name="pytest tests"><testsuite name="pytest" errors="0" failures="0" skipped="0" tests="9" time="0.748" timestamp="2026-07-22T06:22:54.106368+00:00" hostname="agent-env-dbd223c5-e766-484a-9be9-9f72f4486104"><testcase classname="tests.test_timeline_signals_scrubber_http.TestSignalsAggregatorShape" name="test_engines_run_lists_three_plugins" time="0.267" /><testcase classname="tests.test_timeline_signals_scrubber_http.TestSignalsAggregatorShape" name="test_all_three_signals_present" time="0.060" /><testcase classname="tests.test_timeline_signals_scrubber_http.TestSignalsAggregatorShape" name="test_confidence_vocabulary" time="0.044" /><testcase classname="tests.test_timeline_signals_scrubber_http.TestTransitsSignal" name="test_shape_and_loci" time="0.042" /><testcase classname="tests.test_timeline_signals_scrubber_http.TestZRSignal" name="test_spirit_fortune_blocks_valid" time="0.042" /><testcase classname="tests.test_timeline_signals_scrubber_http.TestHistoricalScrub" name="test_year_2000" time="0.041" /><testcase classname="tests.test_timeline_signals_scrubber_http.TestFutureScrub" name="test_2030_shifts_house_vs_now" time="0.099" /><testcase classname="tests.test_timeline_signals_scrubber_http.TestProfectionRegression" name="test_current_endpoint_200" time="0.044" /><testcase classname="tests.test_timeline_signals_scrubber_http.TestProfectionRegression" name="test_series_endpoint_200" time="0.046" /></testsuite></testsuites>