<?xml version="1.0" encoding="utf-8"?><testsuites name="pytest tests"><testsuite name="pytest" errors="0" failures="0" skipped="0" tests="41" time="3.496" timestamp="2026-07-22T06:22:10.462522+00:00" hostname="agent-env-dbd223c5-e766-484a-9be9-9f72f4486104"><testcase classname="tests.test_transits_and_zr_engines" name="test_transit_engine_aspect_math" time="0.000" /><testcase classname="tests.test_transits_and_zr_engines" name="test_transit_engine_score_weights_slow_planets_higher" time="0.000" /><testcase classname="tests.test_transits_and_zr_engines" name="test_transit_engine_returns_evidence_shape" time="0.001" /><testcase classname="tests.test_transits_and_zr_engines" name="test_transit_engine_silent_when_no_natal_loci" time="0.000" /><testcase classname="tests.test_transits_and_zr_engines" name="test_zr_walk_periods_arithmetic" time="0.000" /><testcase classname="tests.test_transits_and_zr_engines" name="test_zr_engine_computes_from_lots_fallback" time="0.001" /><testcase classname="tests.test_transits_and_zr_engines" name="test_zr_years_remaining_within_period_span" time="0.000" /><testcase classname="tests.test_transits_and_zr_engines" name="test_default_layer_now_has_three_engines" time="0.000" /><testcase classname="tests.test_transits_and_zr_engines" name="test_aggregator_returns_all_three_signals" time="0.000" /><testcase classname="tests.test_timing_evidence_layer" name="test_timing_evidence_public_dict_shape" time="0.000" /><testcase classname="tests.test_timing_evidence_layer" name="test_abstract_engine_cannot_be_instantiated_without_compute" time="0.000" /><testcase classname="tests.test_timing_evidence_layer" name="test_default_layer_registers_annual_profection" time="0.000" /><testcase classname="tests.test_timing_evidence_layer" name="test_aggregate_produces_annual_profection_signal" time="0.000" /><testcase classname="tests.test_timing_evidence_layer" name="test_register_is_idempotent_and_order_preserving" time="0.000" /><testcase classname="tests.test_timing_evidence_layer" name="test_broken_engine_reports_inactive_and_is_hidden_by_default" time="0.000" /><testcase classname="tests.test_timing_evidence_layer" name="test_signals_endpoint_registered" time="3.443" /><testcase classname="tests.test_annual_profection_engine" name="test_age_before_birthday" time="0.000" /><testcase classname="tests.test_annual_profection_engine" name="test_age_on_and_after_birthday" time="0.000" /><testcase classname="tests.test_annual_profection_engine" name="test_feb29_birthday_fallback" time="0.000" /><testcase classname="tests.test_annual_profection_engine" name="test_12_year_cycle_activates_first_house_at_age_0_12_24" time="0.000" /><testcase classname="tests.test_annual_profection_engine" name="test_second_year_activates_second_house" time="0.000" /><testcase classname="tests.test_annual_profection_engine" name="test_series_covers_full_lifespan_without_error" time="0.001" /><testcase classname="tests.test_annual_profection_engine" name="test_lord_of_the_year_traditional_mapping[Aries-Mars]" time="0.000" /><testcase classname="tests.test_annual_profection_engine" name="test_lord_of_the_year_traditional_mapping[Taurus-Venus]" time="0.000" /><testcase classname="tests.test_annual_profection_engine" name="test_lord_of_the_year_traditional_mapping[Gemini-Mercury]" time="0.000" /><testcase classname="tests.test_annual_profection_engine" name="test_lord_of_the_year_traditional_mapping[Cancer-Moon]" time="0.000" /><testcase classname="tests.test_annual_profection_engine" name="test_lord_of_the_year_traditional_mapping[Leo-Sun]" time="0.000" /><testcase classname="tests.test_annual_profection_engine" name="test_lord_of_the_year_traditional_mapping[Virgo-Mercury]" time="0.000" /><testcase classname="tests.test_annual_profection_engine" name="test_lord_of_the_year_traditional_mapping[Libra-Venus]" time="0.000" /><testcase classname="tests.test_annual_profection_engine" name="test_lord_of_the_year_traditional_mapping[Scorpio-Mars]" time="0.000" /><testcase classname="tests.test_annual_profection_engine" name="test_lord_of_the_year_traditional_mapping[Sagittarius-Jupiter]" time="0.000" /><testcase classname="tests.test_annual_profection_engine" name="test_lord_of_the_year_traditional_mapping[Capricorn-Saturn]" time="0.000" /><testcase classname="tests.test_annual_profection_engine" name="test_lord_of_the_year_traditional_mapping[Aquarius-Saturn]" time="0.000" /><testcase classname="tests.test_annual_profection_engine" name="test_lord_of_the_year_traditional_mapping[Pisces-Jupiter]" time="0.000" /><testcase classname="tests.test_annual_profection_engine" name="test_ophiuchus_year_has_no_classical_lord" time="0.000" /><testcase classname="tests.test_annual_profection_engine" name="test_ruler_natal_condition_extracted_from_planets" time="0.000" /><testcase classname="tests.test_annual_profection_engine" name="test_narrative_shape_and_tone_contract" time="0.000" /><testcase classname="tests.test_annual_profection_engine" name="test_timeline_profection_router_registered" time="0.000" /><testcase classname="tests.test_annual_profection_engine" name="test_compute_rejects_naive_datetime" time="0.000" /><testcase classname="tests.test_annual_profection_engine" name="test_compute_rejects_empty_chart" time="0.000" /><testcase classname="tests.test_annual_profection_engine" name="test_historical_and_future_use_same_code_path" time="0.000" /></testsuite></testsuites>