<?xml version="1.0" encoding="utf-8"?><testsuites name="pytest tests"><testsuite name="pytest" errors="15" failures="80" skipped="3" tests="1264" time="250.705" timestamp="2026-07-22T06:02:58.329451+00:00" hostname="agent-env-dbd223c5-e766-484a-9be9-9f72f4486104"><testcase classname="services.test_astrology_relationship_restory_v1" name="test_G4_output_shape_complete" time="0.000" /><testcase classname="services.test_astrology_relationship_restory_v1" name="test_G1_G2_no_jargon_or_destiny[air_water_spouse-inputs0]" time="0.001" /><testcase classname="services.test_astrology_relationship_restory_v1" name="test_G1_G2_no_jargon_or_destiny[fire_earth_partner-inputs1]" time="0.001" /><testcase classname="services.test_astrology_relationship_restory_v1" name="test_G1_G2_no_jargon_or_destiny[fire_water_child-inputs2]" time="0.001" /><testcase classname="services.test_astrology_relationship_restory_v1" name="test_G1_G2_no_jargon_or_destiny[same_element_friend-inputs3]" time="0.001" /><testcase classname="services.test_astrology_relationship_restory_v1" name="test_G1_G2_no_jargon_or_destiny[missing_b_unknown_role-inputs4]" time="0.000" /><testcase classname="services.test_astrology_relationship_restory_v1" name="test_G3_determinism" time="0.000" /><testcase classname="services.test_astrology_relationship_restory_v1" name="test_G6_real_charts_pete_mel" time="0.010" /><testcase classname="services.test_astrology_relationship_restory_v1" name="test_G7_empty_inputs_safe" time="0.000" /><testcase classname="services.test_astrology_relationship_restory_v1_surface_wiring" name="test_1_pete_mel_spouse_restory_when_flag_on" time="0.007" /><testcase classname="services.test_astrology_relationship_restory_v1_surface_wiring" name="test_2_legacy_preserved_when_flag_off" time="0.005" /><testcase classname="services.test_astrology_relationship_restory_v1_surface_wiring" name="test_3_no_jargon_in_user_facing_text" time="0.006" /><testcase classname="services.test_astrology_relationship_restory_v1_surface_wiring" name="test_4_hidden_evidence_carries_astro_tokens" time="0.006" /><testcase classname="services.test_astrology_relationship_restory_v1_surface_wiring" name="test_5_bazi_sections_unchanged" time="0.002" /><testcase classname="services.test_astrology_relationship_restory_v1_surface_wiring" name="test_6_forum_mappings_load_with_flag_on" time="0.011" /><testcase classname="services.test_astrology_relationship_restory_v1_surface_wiring" name="test_7_relationship_insight_v2_wiring_present" time="0.014" /><testcase classname="services.test_astrology_relationship_restory_v1_surface_wiring" name="test_8_no_crash_on_empty_or_partial_inputs" time="0.000" /><testcase classname="services.test_mirror_object_interpreter" name="test_has_mirror_interpretation[Vertex-True]" time="0.000" /><testcase classname="services.test_mirror_object_interpreter" name="test_has_mirror_interpretation[Anti-Vertex-True]" time="0.000" /><testcase classname="services.test_mirror_object_interpreter" name="test_has_mirror_interpretation[Juno-True]" time="0.000" /><testcase classname="services.test_mirror_object_interpreter" name="test_has_mirror_interpretation[Chiron-True]" time="0.000" /><testcase classname="services.test_mirror_object_interpreter" name="test_has_mirror_interpretation[Black Moon Lilith-True]" time="0.000" /><testcase classname="services.test_mirror_object_interpreter" name="test_has_mirror_interpretation[True Black Moon Lilith-True]" time="0.000" /><testcase classname="services.test_mirror_object_interpreter" name="test_has_mirror_interpretation[Lot of Fortune-True]" time="0.000" /><testcase classname="services.test_mirror_object_interpreter" name="test_has_mirror_interpretation[Lot of Spirit-True]" time="0.000" /><testcase classname="services.test_mirror_object_interpreter" name="test_has_mirror_interpretation[Pholus-True]" time="0.000" /><testcase classname="services.test_mirror_object_interpreter" name="test_has_mirror_interpretation[Ceres-True]" time="0.000" /><testcase classname="services.test_mirror_object_interpreter" name="test_has_mirror_interpretation[Pallas-True]" time="0.000" /><testcase classname="services.test_mirror_object_interpreter" name="test_has_mirror_interpretation[Vesta-True]" time="0.000" /><testcase classname="services.test_mirror_object_interpreter" name="test_has_mirror_interpretation[North Node-True]" time="0.000" /><testcase classname="services.test_mirror_object_interpreter" name="test_has_mirror_interpretation[South Node-True]" time="0.000" /><testcase classname="services.test_mirror_object_interpreter" name="test_has_mirror_interpretation[Eros-True]" time="0.000" /><testcase classname="services.test_mirror_object_interpreter" name="test_has_mirror_interpretation[Psyche-True]" time="0.000" /><testcase classname="services.test_mirror_object_interpreter" name="test_has_mirror_interpretation[Astraea-True]" time="0.000" /><testcase classname="services.test_mirror_object_interpreter" name="test_has_mirror_interpretation[Hygiea-True]" time="0.000" /><testcase classname="services.test_mirror_object_interpreter" name="test_has_mirror_interpretation[Sun-False]" time="0.000" /><testcase classname="services.test_mirror_object_interpreter" name="test_has_mirror_interpretation[-False]" time="0.000" /><testcase classname="services.test_mirror_object_interpreter" name="test_mirror_block_contains_placement_and_voice_floor[Vertex]" time="0.000" /><testcase classname="services.test_mirror_object_interpreter" name="test_mirror_block_contains_placement_and_voice_floor[Anti-Vertex]" time="0.000" /><testcase classname="services.test_mirror_object_interpreter" name="test_mirror_block_contains_placement_and_voice_floor[Juno]" time="0.000" /><testcase classname="services.test_mirror_object_interpreter" name="test_mirror_block_contains_placement_and_voice_floor[Chiron]" time="0.000" /><testcase classname="services.test_mirror_object_interpreter" name="test_mirror_block_contains_placement_and_voice_floor[Black Moon Lilith]" time="0.000" /><testcase classname="services.test_mirror_object_interpreter" name="test_mirror_block_contains_placement_and_voice_floor[Lot of Fortune]" time="0.000" /><testcase classname="services.test_mirror_object_interpreter" name="test_mirror_block_contains_placement_and_voice_floor[Lot of Spirit]" time="0.000" /><testcase classname="services.test_mirror_object_interpreter" name="test_mirror_block_contains_placement_and_voice_floor[Pholus]" time="0.000" /><testcase classname="services.test_mirror_object_interpreter" name="test_mirror_block_contains_placement_and_voice_floor[Eros]" time="0.000" /><testcase classname="services.test_mirror_object_interpreter" name="test_mirror_block_contains_placement_and_voice_floor[Psyche]" time="0.000" /><testcase classname="services.test_mirror_object_interpreter" name="test_mirror_block_contains_placement_and_voice_floor[Astraea]" time="0.000" /><testcase classname="services.test_mirror_object_interpreter" name="test_mirror_block_contains_placement_and_voice_floor[Hygiea]" time="0.000" /><testcase classname="services.test_mirror_object_interpreter" name="test_chiron_block_bans_victim_language" time="0.000" /><testcase classname="services.test_mirror_object_interpreter" name="test_lilith_block_bans_fear_language" time="0.000" /><testcase classname="services.test_mirror_object_interpreter" name="test_juno_block_bans_soulmate_language" time="0.000" /><testcase classname="services.test_mirror_object_interpreter" name="test_vertex_block_bans_destiny_language" time="0.000" /><testcase classname="services.test_mirror_object_interpreter" name="test_fortune_block_bans_luck_language" time="0.000" /><testcase classname="services.test_mirror_object_interpreter" name="test_spirit_block_bans_purpose_cliches" time="0.000" /><testcase classname="services.test_mirror_object_interpreter" name="test_true_lilith_aliases_to_lilith_block" time="0.000" /><testcase classname="services.test_mirror_object_interpreter" name="test_natal_object_engine_uses_mirror_block_for_vertex" time="0.000" /><testcase classname="services.test_mirror_object_interpreter" name="test_natal_object_engine_uses_mirror_block_for_juno" time="0.000" /><testcase classname="services.test_mirror_object_interpreter" name="test_natal_object_engine_falls_back_to_generic_for_non_mirror_object" time="0.000" /><testcase classname="services.test_mirror_object_interpreter" name="test_eros_block_bans_lust_and_seducer_language" time="0.000" /><testcase classname="services.test_mirror_object_interpreter" name="test_psyche_block_bans_soul_love_language" time="0.000" /><testcase classname="services.test_mirror_object_interpreter" name="test_astraea_block_bans_justice_warrior_language" time="0.000" /><testcase classname="services.test_mirror_object_interpreter" name="test_hygiea_block_bans_purity_culture_language" time="0.000" /><testcase classname="services.test_mirror_object_interpreter" name="test_t2_bodies_route_through_engine_to_mirror_block" time="0.000" /><testcase classname="services.test_mirror_object_interpreter" name="test_t2_bodies_publish_v3_framework" time="0.001" /><testcase classname="services.test_mirror_object_interpreter" name="test_t2_bodies_can_combine_pairwise_with_existing_catalogue" time="0.000" /><testcase classname="services.test_mirror_object_interpreter" name="test_failed_envelope_does_not_invoke_mirror_block" time="0.000" /><testcase classname="services.test_mirror_object_interpreter" name="test_voice_floor_v2_escalated_bans_present" time="0.000" /><testcase classname="services.test_mirror_object_interpreter" name="test_is_nodal_axis_detection" time="0.000" /><testcase classname="services.test_mirror_object_interpreter" name="test_nodal_axis_block_unifies_both_nodes" time="0.000" /><testcase classname="services.test_mirror_object_interpreter" name="test_pairwise_block_concatenates_two_bodies" time="0.000" /><testcase classname="services.test_mirror_object_interpreter" name="test_pairwise_with_single_envelope_returns_single_block" time="0.000" /><testcase classname="services.test_mirror_object_interpreter" name="test_pairwise_with_one_failed_envelope_still_renders" time="0.000" /><testcase classname="services.test_mirror_object_interpreter" name="test_display_degree_shows_real_width_above_29" time="0.000" /><testcase classname="services.test_mirror_object_interpreter" name="test_display_degree_normal_range_unchanged" time="0.000" /><testcase classname="services.test_mirror_object_interpreter" name="test_display_degree_missing_degree_falls_back_to_sign_only" time="0.000" /><testcase classname="services.test_mirror_object_interpreter" name="test_voice_floor_v3_framework_primer_present" time="0.000" /><testcase classname="services.test_mirror_object_interpreter" name="test_voice_floor_v3_extra_bans_present" time="0.000" /><testcase classname="services.test_mirror_object_interpreter" name="test_axis_block_uses_pairwise_v3_framework" time="0.000" /><testcase classname="services.test_mirror_object_interpreter" name="test_pairwise_block_uses_pairwise_v3_framework" time="0.000" /><testcase classname="services.test_multi_object_routing" name="test_single_object_returns_legacy_shape" time="0.000" /><testcase classname="services.test_multi_object_routing" name="test_ceres_vesta_pairwise" time="0.000" /><testcase classname="services.test_multi_object_routing" name="test_north_south_node_axis" time="0.000" /><testcase classname="services.test_multi_object_routing" name="test_north_south_node_axis_explicit_together" time="0.000" /><testcase classname="services.test_multi_object_routing" name="test_nodes_plural_expands_to_both_ends" time="0.000" /><testcase classname="services.test_multi_object_routing" name="test_three_object_query" time="0.000" /><testcase classname="services.test_multi_object_routing" name="test_rahu_ketu_aliases_to_nodal_axis" time="0.000" /><testcase classname="services.test_multi_object_routing" name="test_anti_vertex_does_not_dual_resolve_vertex" time="0.000" /><testcase classname="services.test_multi_object_routing" name="test_anti_vertex_plus_vertex_explicit_still_returns_both" time="0.000" /><testcase classname="services.test_multi_object_routing" name="test_bare_vertex_still_resolves" time="0.000" /><testcase classname="services.test_natal_object_reconnection" name="test_resolver_recognises_advanced_objects" time="0.000" /><testcase classname="services.test_natal_object_reconnection" name="test_vertex_compute_on_demand" time="0.000" /><testcase classname="services.test_natal_object_reconnection" name="test_anti_vertex_compute_on_demand" time="0.000" /><testcase classname="services.test_natal_object_reconnection" name="test_vertex_failure_when_inputs_missing" time="0.000" /><testcase classname="services.test_natal_object_reconnection" name="test_juno_compute_on_demand" time="0.000" /><testcase classname="services.test_natal_object_reconnection" name="test_pholus_compute_on_demand" time="0.000" /><testcase classname="services.test_natal_object_reconnection" name="test_missing_ephemeris_clean_refusal[Eros]" time="0.002" /><testcase classname="services.test_natal_object_reconnection" name="test_missing_ephemeris_clean_refusal[Psyche]" time="0.002" /><testcase classname="services.test_natal_object_reconnection" name="test_missing_ephemeris_clean_refusal[Hygiea]" time="0.002" /><testcase classname="services.test_natal_object_reconnection" name="test_missing_ephemeris_clean_refusal[Astraea]" time="0.002" /><testcase classname="services.test_natal_object_reconnection" name="test_missing_ephemeris_clean_refusal[Eris]" time="0.001" /><testcase classname="services.test_natal_object_reconnection" name="test_white_moon_selena_not_wired" time="0.000" /><testcase classname="services.test_natal_object_reconnection" name="test_unrecognised_object_clean_refusal" time="0.000" /><testcase classname="services.test_natal_object_reconnection" name="test_ensure_advanced_objects_hydrates_juno_and_vertex" time="0.000" /><testcase classname="services.test_natal_object_reconnection" name="test_ensure_advanced_objects_idempotent_when_already_stored" time="0.000" /><testcase classname="services.test_natal_object_reconnection" name="test_ensure_advanced_objects_handles_none_and_empty" time="0.000" /><testcase classname="services.test_natal_object_reconnection" name="test_build_marker_advertises_reconnect" time="0.000" /><testcase classname="services.test_natal_planet_restore" name="test_standard_planet_aliases_resolve[Sun-Sun]" time="0.000" /><testcase classname="services.test_natal_planet_restore" name="test_standard_planet_aliases_resolve[Moon-Moon]" time="0.000" /><testcase classname="services.test_natal_planet_restore" name="test_standard_planet_aliases_resolve[Mercury-Mercury]" time="0.000" /><testcase classname="services.test_natal_planet_restore" name="test_standard_planet_aliases_resolve[Venus-Venus]" time="0.000" /><testcase classname="services.test_natal_planet_restore" name="test_standard_planet_aliases_resolve[Mars-Mars]" time="0.000" /><testcase classname="services.test_natal_planet_restore" name="test_standard_planet_aliases_resolve[Jupiter-Jupiter]" time="0.000" /><testcase classname="services.test_natal_planet_restore" name="test_standard_planet_aliases_resolve[Saturn-Saturn]" time="0.000" /><testcase classname="services.test_natal_planet_restore" name="test_standard_planet_aliases_resolve[Uranus-Uranus]" time="0.000" /><testcase classname="services.test_natal_planet_restore" name="test_standard_planet_aliases_resolve[Neptune-Neptune]" time="0.000" /><testcase classname="services.test_natal_planet_restore" name="test_standard_planet_aliases_resolve[Pluto-Pluto]" time="0.000" /><testcase classname="services.test_natal_planet_restore" name="test_standard_planet_aliases_resolve[mercury-Mercury]" time="0.000" /><testcase classname="services.test_natal_planet_restore" name="test_standard_planet_aliases_resolve[MARS-Mars]" time="0.000" /><testcase classname="services.test_natal_planet_restore" name="test_standard_planet_aliases_resolve[  Saturn -Saturn]" time="0.000" /><testcase classname="services.test_natal_planet_restore" name="test_standard_planet_aliases_resolve[luna-Moon]" time="0.000" /><testcase classname="services.test_natal_planet_restore" name="test_standard_planet_aliases_resolve[Luna-Moon]" time="0.000" /><testcase classname="services.test_natal_planet_restore" name="test_standard_planet_aliases_resolve[jove-Jupiter]" time="0.000" /><testcase classname="services.test_natal_planet_restore" name="test_standard_planet_aliases_resolve[Jove-Jupiter]" time="0.000" /><testcase classname="services.test_natal_planet_restore" name="test_resolve_planet_no_longer_returns_none[Sun]" time="0.000" /><testcase classname="services.test_natal_planet_restore" name="test_resolve_planet_no_longer_returns_none[Moon]" time="0.000" /><testcase classname="services.test_natal_planet_restore" name="test_resolve_planet_no_longer_returns_none[Mercury]" time="0.000" /><testcase classname="services.test_natal_planet_restore" name="test_resolve_planet_no_longer_returns_none[Venus]" time="0.000" /><testcase classname="services.test_natal_planet_restore" name="test_resolve_planet_no_longer_returns_none[Mars]" time="0.000" /><testcase classname="services.test_natal_planet_restore" name="test_resolve_planet_no_longer_returns_none[Jupiter]" time="0.000" /><testcase classname="services.test_natal_planet_restore" name="test_resolve_planet_no_longer_returns_none[Saturn]" time="0.000" /><testcase classname="services.test_natal_planet_restore" name="test_resolve_planet_no_longer_returns_none[Uranus]" time="0.000" /><testcase classname="services.test_natal_planet_restore" name="test_resolve_planet_no_longer_returns_none[Neptune]" time="0.000" /><testcase classname="services.test_natal_planet_restore" name="test_resolve_planet_no_longer_returns_none[Pluto]" time="0.000" /><testcase classname="services.test_natal_planet_restore" name="test_compute_natal_object_serves_planet_from_stored_chart[Sun]" time="0.000" /><testcase classname="services.test_natal_planet_restore" name="test_compute_natal_object_serves_planet_from_stored_chart[Moon]" time="0.000" /><testcase classname="services.test_natal_planet_restore" name="test_compute_natal_object_serves_planet_from_stored_chart[Mercury]" time="0.000" /><testcase classname="services.test_natal_planet_restore" name="test_compute_natal_object_serves_planet_from_stored_chart[Venus]" time="0.000" /><testcase classname="services.test_natal_planet_restore" name="test_compute_natal_object_serves_planet_from_stored_chart[Mars]" time="0.000" /><testcase classname="services.test_natal_planet_restore" name="test_compute_natal_object_serves_planet_from_stored_chart[Jupiter]" time="0.000" /><testcase classname="services.test_natal_planet_restore" name="test_compute_natal_object_serves_planet_from_stored_chart[Saturn]" time="0.000" /><testcase classname="services.test_natal_planet_restore" name="test_compute_natal_object_serves_planet_from_stored_chart[Uranus]" time="0.000" /><testcase classname="services.test_natal_planet_restore" name="test_compute_natal_object_serves_planet_from_stored_chart[Neptune]" time="0.000" /><testcase classname="services.test_natal_planet_restore" name="test_compute_natal_object_serves_planet_from_stored_chart[Pluto]" time="0.000" /><testcase classname="services.test_natal_planet_restore" name="test_compute_natal_object_planet_lowercase_alias_resolves" time="0.000" /><testcase classname="services.test_natal_planet_restore" name="test_user_reported_mercury_question_no_longer_refused" time="0.000" /><testcase classname="services.test_natal_planet_restore" name="test_venus_question_resolves_and_serves_from_chart" time="0.000" /><testcase classname="services.test_natal_planet_restore" name="test_advanced_objects_still_resolve[Chiron-Chiron]" time="0.000" /><testcase classname="services.test_natal_planet_restore" name="test_advanced_objects_still_resolve[chiron-Chiron]" time="0.000" /><testcase classname="services.test_natal_planet_restore" name="test_advanced_objects_still_resolve[Lilith-Black Moon Lilith]" time="0.000" /><testcase classname="services.test_natal_planet_restore" name="test_advanced_objects_still_resolve[Vertex-Vertex]" time="0.000" /><testcase classname="services.test_natal_planet_restore" name="test_advanced_objects_still_resolve[North Node-North Node]" time="0.000" /><testcase classname="services.test_natal_planet_restore" name="test_advanced_objects_still_resolve[rahu-North Node]" time="0.000" /><testcase classname="services.test_natal_planet_restore" name="test_advanced_objects_still_resolve[South Node-South Node]" time="0.000" /><testcase classname="services.test_natal_planet_restore" name="test_advanced_objects_still_resolve[ketu-South Node]" time="0.000" /><testcase classname="services.test_natal_planet_restore" name="test_multi_object_query_mercury_and_mars" time="0.000" /><testcase classname="services.test_natal_planet_restore" name="test_extractor_picks_up_planet_pair_in_order" time="0.000" /><testcase classname="services.test_natal_planet_restore" name="test_extractor_picks_up_planet_and_advanced_object_pair" time="0.000" /><testcase classname="services.test_natal_planet_restore" name="test_lilith_query_does_not_collapse_into_moon" time="0.000" /><testcase classname="services.test_relationship_curriculum_engine" name="test_G1_output_shape_complete" time="0.000" /><testcase classname="services.test_relationship_curriculum_engine" name="test_G2_G3_no_destiny_or_certainty[sag_asc_spouse-spouse-Sagittarius]" time="0.001" /><testcase classname="services.test_relationship_curriculum_engine" name="test_G2_G3_no_destiny_or_certainty[cancer_asc_child-child-Cancer]" time="0.000" /><testcase classname="services.test_relationship_curriculum_engine" name="test_G2_G3_no_destiny_or_certainty[leo_asc_friend-close_friend-Leo]" time="0.000" /><testcase classname="services.test_relationship_curriculum_engine" name="test_G2_G3_no_destiny_or_certainty[aqua_asc_partner-partner-Aquarius]" time="0.000" /><testcase classname="services.test_relationship_curriculum_engine" name="test_G2_G3_no_destiny_or_certainty[pisces_asc_parent-parent-Pisces]" time="0.000" /><testcase classname="services.test_relationship_curriculum_engine" name="test_G4_determinism" time="0.000" /><testcase classname="services.test_relationship_curriculum_engine" name="test_G5_word_counts" time="0.000" /><testcase classname="services.test_relationship_curriculum_engine" name="test_G6_role_weight_affects_confidence" time="0.000" /><testcase classname="services.test_relationship_curriculum_engine" name="test_G7_real_charts_pete_mel" time="0.008" /><testcase classname="services.test_relationship_curriculum_engine" name="test_G8_empty_inputs_safe" time="0.000" /><testcase classname="services.test_relationship_curriculum_engine" name="test_G9_flag_gate_off_returns_none" time="0.000" /><testcase classname="services.test_relationship_curriculum_engine" name="test_G9_flag_gate_on_returns_payload" time="0.000" /><testcase classname="services.test_relationship_curriculum_engine" name="test_G10_manifestor_reflector_hd_proof" time="0.000" /><testcase classname="services.test_relationship_curriculum_engine" name="test_G11_synthetic_pete_mel_axis_activation" time="0.000" /><testcase classname="services.test_relationship_curriculum_engine_surface_wiring" name="test_wiring_helper_returns_payload_when_flag_on" time="0.006" /><testcase classname="services.test_relationship_curriculum_engine_surface_wiring" name="test_wiring_helper_returns_none_when_flag_off" time="0.005" /><testcase classname="services.test_relationship_curriculum_engine_surface_wiring" name="test_forum_mapping_source_wiring_present" time="0.000" /><testcase classname="services.test_relationship_curriculum_engine_surface_wiring" name="test_relationship_insight_v2_source_wiring_present" time="0.009" /><testcase classname="services.test_relationship_curriculum_engine_surface_wiring" name="test_forum_chat_source_wiring_present" time="0.001" /><testcase classname="services.test_relationship_field_v2" name="test_mel_spouse_covenant_partner" time="0.009" /><testcase classname="services.test_relationship_field_v2" name="test_thaddeus_child_steward_guardian" time="0.005" /><testcase classname="services.test_relationship_field_v2" name="test_isaac_child_steward_guardian" time="0.005" /><testcase classname="services.test_relationship_field_v2" name="test_patricia_unknown_neutral" time="0.008" /><testcase classname="services.test_relationship_field_v2" name="test_self_subject_no_target" time="0.002" /><testcase classname="services.test_relationship_field_v2" name="test_g1_core_stance_frozen_lookup" time="0.000" /><testcase classname="services.test_relationship_field_v2" name="test_g1_provisional_does_not_collide_with_core_keys" time="0.000" /><testcase classname="services.test_relationship_field_v2" name="test_g4_url_context_conflict_recorded_not_overriding_edges" time="0.005" /><testcase classname="services.test_relationship_field_v2" name="test_g4_url_context_synonyms_do_not_trip_conflict" time="0.006" /><testcase classname="services.test_slice_2_5_replay_validation" name="test_acceptance_stance_invariants" time="83.447" /><testcase classname="services.test_slice_2_5_replay_validation" name="test_acceptance_role_invariants" time="0.000" /><testcase classname="services.test_slice_2_5_replay_validation" name="test_acceptance_target_binding" time="0.000" /><testcase classname="services.test_slice_2_5_replay_validation" name="test_acceptance_high_confidence_source" time="0.000" /><testcase classname="services.test_slice_2_5_replay_validation" name="test_acceptance_directionality_invariants" time="0.000" /><testcase classname="services.test_slice_2_5_replay_validation" name="test_acceptance_endpoint_health" time="0.000" /><testcase classname="services.test_slice_2_ask_mirror_wiring" name="test_slice2_mel_spouse_covenant_partner" time="5.433" /><testcase classname="services.test_slice_2_ask_mirror_wiring" name="test_slice2_thaddeus_child_steward_guardian" time="4.924" /><testcase classname="services.test_slice_2_ask_mirror_wiring" name="test_slice2_isaac_child_steward_guardian" time="5.397" /><testcase classname="services.test_slice_2_ask_mirror_wiring" name="test_slice2_patricia_unknown_neutral" time="3.384" /><testcase classname="services.test_slice_2_ask_mirror_wiring" name="test_slice2_self_subject" time="5.267" /><testcase classname="services.test_slice_2_ask_mirror_wiring" name="test_slice2_endpoint_returns_200_no_about_person_no_target_message" time="2.794" /><testcase classname="services.test_slice_2_ask_mirror_wiring" name="test_slice2_existing_receipt_keys_preserved" time="5.822" /><testcase classname="services.test_slice_3_prompt_gate" name="test_unit_flag_off_no_emission" time="0.000" /><testcase classname="services.test_slice_3_prompt_gate" name="test_unit_flag_on_mel_covenant_partner_block" time="0.000" /><testcase classname="services.test_slice_3_prompt_gate" name="test_unit_flag_on_thaddeus_steward_guardian" time="0.000" /><testcase classname="services.test_slice_3_prompt_gate" name="test_unit_flag_on_isaac_steward_guardian" time="0.000" /><testcase classname="services.test_slice_3_prompt_gate" name="test_unit_patricia_proposed_unresolved_never_emits" time="0.000" /><testcase classname="services.test_slice_3_prompt_gate" name="test_unit_self_subject_emits" time="0.000" /><testcase classname="services.test_slice_3_prompt_gate" name="test_unit_low_confidence_blocked" time="0.000" /><testcase classname="services.test_slice_3_prompt_gate" name="test_unit_source_not_in_allowlist_blocked" time="0.000" /><testcase classname="services.test_slice_3_prompt_gate" name="test_unit_conflict_blocks_emission" time="0.000" /><testcase classname="services.test_slice_3_prompt_gate" name="test_unit_saved_people_is_allowed" time="0.000" /><testcase classname="services.test_slice_3_prompt_gate" name="test_unit_explicit_map_alias_is_allowed" time="0.000" /><testcase classname="services.test_slice_3_prompt_gate" name="test_live_flag_off_endpoint_still_returns_200_and_receipt_attached" time="5.091" /><testcase classname="services.test_slice_a_auto_context" name="test_S1_self_subject_no_hints" time="0.003" /><testcase classname="services.test_slice_a_auto_context" name="test_S2_member_spouse_by_name" time="0.007" /><testcase classname="services.test_slice_a_auto_context" name="test_S3_member_child_by_name" time="0.006" /><testcase classname="services.test_slice_a_auto_context" name="test_S4_forum_intent_explicit" time="0.004" /><testcase classname="services.test_slice_a_auto_context" name="test_S5_pairwise_mel_and_thaddeus" time="0.008" /><testcase classname="services.test_slice_a_auto_context" name="test_S6_multi_person_my_children" time="0.002" /><testcase classname="services.test_slice_a_auto_context" name="test_S7_ambiguous_multi_candidate" time="0.006" /><testcase classname="services.test_slice_a_auto_context" name="test_S8_pronoun_followup_resolves_to_last_target" time="0.005" /><testcase classname="services.test_slice_a_auto_context" name="test_S9_pairwise_family_no_viewer_misbind" time="0.008" /><testcase classname="services.test_slice_a_auto_context" name="test_bias_member_question_not_misclassified_as_forum" time="0.015" /><testcase classname="services.test_slice_b_forum_chat_wiring" name="test_L1_legacy_flag_off_mode_missing_returns_400" time="1.883" /><testcase classname="services.test_slice_b_forum_chat_wiring" name="test_L2_legacy_flag_off_explicit_member_unchanged" time="0.033" /><testcase classname="services.test_slice_b_forum_chat_wiring" name="test_L3_legacy_flag_off_self_unchanged" time="0.015" /><testcase classname="services.test_slice_b_forum_chat_wiring" name="test_L4_legacy_flag_off_forum_unchanged" time="0.014" /><testcase classname="services.test_slice_b_forum_chat_wiring" name="test_B1_auto_self" time="0.015" /><testcase classname="services.test_slice_b_forum_chat_wiring" name="test_B2_auto_member_spouse" time="0.026" /><testcase classname="services.test_slice_b_forum_chat_wiring" name="test_B3_auto_member_child" time="0.026" /><testcase classname="services.test_slice_b_forum_chat_wiring" name="test_B4_auto_pairwise" time="0.027" /><testcase classname="services.test_slice_b_forum_chat_wiring" name="test_B5_auto_multi_person" time="0.018" /><testcase classname="services.test_slice_b_forum_chat_wiring" name="test_B6_auto_forum" time="0.014" /><testcase classname="services.test_slice_b_forum_chat_wiring" name="test_B7_auto_ambiguous_short_circuits_llm" time="0.013" /><testcase classname="services.test_slice_b_forum_chat_wiring" name="test_B8_auto_pronoun_followup" time="0.020" /><testcase classname="services.test_slice_b_forum_chat_wiring" name="test_B9_flag_on_explicit_mode_preserved" time="0.023" /><testcase classname="test_deep_dive_metrics" name="test_deep_dive" time="0.000"><error message="failed on setup with &quot;file /app/backend/test_deep_dive_metrics.py, line 187&#10;  async def test_deep_dive(user_id: str, lens: str) -&gt; dict:&#10;      &quot;&quot;&quot;Test a single deep dive endpoint via HTTP.&quot;&quot;&quot;&#10;      import httpx&#10;&#10;      async with httpx.AsyncClient(timeout=120.0) as client:&#10;          url = f&quot;http://localhost:8001/api/{lens}/deep-dive/{user_id}&quot;&#10;          print(f&quot;\n#x1F504 Testing {lens}... ({url})&quot;)&#10;&#10;          try:&#10;              response = await client.get(url)&#10;              if response.status_code == 200:&#10;                  data = response.json()&#10;                  return analyze_response(lens, data)&#10;              else:&#10;                  print(f&quot;   ❌ HTTP {response.status_code}: {response.text[:100]}&quot;)&#10;                  return {&quot;lens&quot;: lens, &quot;success&quot;: False, &quot;error&quot;: f&quot;HTTP {response.status_code}&quot;}&#10;          except Exception as e:&#10;              print(f&quot;   ❌ Error: {str(e)[:100]}&quot;)&#10;              return {&quot;lens&quot;: lens, &quot;success&quot;: False, &quot;error&quot;: str(e)[:100]}&#10;E       fixture 'user_id' not found&#10;&gt;       available fixtures: anyio_backend, anyio_backend_name, anyio_backend_options, cache, capfd, capfdbinary, caplog, capsys, capsysbinary, capteesys, doctest_namespace, free_tcp_port, free_tcp_port_factory, free_udp_port, free_udp_port_factory, monkeypatch, pytestconfig, record_property, record_testsuite_property, record_xml_attribute, recwarn, subtests, tmp_path, tmp_path_factory, tmpdir, tmpdir_factory&#10;&gt;       use 'pytest --fixtures [testpath]' for help on them.&#10;&#10;/app/backend/test_deep_dive_metrics.py:187&quot;">file /app/backend/test_deep_dive_metrics.py, line 187
  async def test_deep_dive(user_id: str, lens: str) -&gt; dict:
      """Test a single deep dive endpoint via HTTP."""
      import httpx

      async with httpx.AsyncClient(timeout=120.0) as client:
          url = f"http://localhost:8001/api/{lens}/deep-dive/{user_id}"
          print(f"\n#x1F504 Testing {lens}... ({url})")

          try:
              response = await client.get(url)
              if response.status_code == 200:
                  data = response.json()
                  return analyze_response(lens, data)
              else:
                  print(f"   ❌ HTTP {response.status_code}: {response.text[:100]}")
                  return {"lens": lens, "success": False, "error": f"HTTP {response.status_code}"}
          except Exception as e:
              print(f"   ❌ Error: {str(e)[:100]}")
              return {"lens": lens, "success": False, "error": str(e)[:100]}
E       fixture 'user_id' not found
&gt;       available fixtures: anyio_backend, anyio_backend_name, anyio_backend_options, cache, capfd, capfdbinary, caplog, capsys, capsysbinary, capteesys, doctest_namespace, free_tcp_port, free_tcp_port_factory, free_udp_port, free_udp_port_factory, monkeypatch, pytestconfig, record_property, record_testsuite_property, record_xml_attribute, recwarn, subtests, tmp_path, tmp_path_factory, tmpdir, tmpdir_factory
&gt;       use 'pytest --fixtures [testpath]' for help on them.

/app/backend/test_deep_dive_metrics.py:187</error></testcase><testcase classname="tests.test_adv_obj_13_pairwise_bridge" name="test_forum_tab_cross_chart_query_escalates_to_pairwise" time="0.000" /><testcase classname="tests.test_adv_obj_13_pairwise_bridge" name="test_mel_target_loaded_via_orchestrator" time="0.000" /><testcase classname="tests.test_adv_obj_13_pairwise_bridge" name="test_self_only_query_stays_single_object" time="0.000" /><testcase classname="tests.test_adv_obj_13_pairwise_bridge" name="test_imperative_me_does_not_escalate" time="0.000" /><testcase classname="tests.test_adv_obj_13_pairwise_bridge" name="test_imperative_show_me_does_not_escalate" time="0.000" /><testcase classname="tests.test_adv_obj_13_pairwise_bridge" name="test_imperative_let_me_does_not_escalate" time="0.000" /><testcase classname="tests.test_adv_obj_13_pairwise_bridge" name="test_my_escalates" time="0.000" /><testcase classname="tests.test_adv_obj_13_pairwise_bridge" name="test_i_subject_pronoun_escalates" time="0.000" /><testcase classname="tests.test_adv_obj_13_pairwise_bridge" name="test_im_contraction_escalates" time="0.000" /><testcase classname="tests.test_adv_obj_13_pairwise_bridge" name="test_mine_escalates" time="0.000" /><testcase classname="tests.test_adv_obj_13_pairwise_bridge" name="test_explicit_member_mode_unaffected_by_bridge" time="0.000" /><testcase classname="tests.test_adv_obj_13_pairwise_bridge" name="test_slice_b_pairwise_overrides_take_priority" time="0.000" /><testcase classname="tests.test_adv_obj_13_pairwise_bridge" name="test_orchestrator_target_equal_to_self_is_ignored" time="0.000" /><testcase classname="tests.test_adv_obj_13_pairwise_bridge" name="test_empty_orchestrator_payload_safe" time="0.000" /><testcase classname="tests.test_adv_obj_13_pairwise_bridge" name="test_none_orchestrator_payload_safe" time="0.000" /><testcase classname="tests.test_adv_obj_15_target_pronoun_rewrite" name="test_mirror_block_self_case_uses_your" time="0.000" /><testcase classname="tests.test_adv_obj_15_target_pronoun_rewrite" name="test_natal_block_self_case_uses_your" time="0.000" /><testcase classname="tests.test_adv_obj_15_target_pronoun_rewrite" name="test_mirror_block_target_case_uses_mels" time="0.000" /><testcase classname="tests.test_adv_obj_15_target_pronoun_rewrite" name="test_natal_block_target_case_uses_mels" time="0.000" /><testcase classname="tests.test_adv_obj_15_target_pronoun_rewrite" name="test_vertex_target_case_uses_mels" time="0.000" /><testcase classname="tests.test_adv_obj_15_target_pronoun_rewrite" name="test_north_node_multiword_object_target_case" time="0.000" /><testcase classname="tests.test_adv_obj_15_target_pronoun_rewrite" name="test_universal_voice_floor_pronouns_unchanged" time="0.000" /><testcase classname="tests.test_adv_obj_15_target_pronoun_rewrite" name="test_empty_chart_owner_name_is_no_op" time="0.000" /><testcase classname="tests.test_adv_obj_15_target_pronoun_rewrite" name="test_chart_owner_name_with_apostrophe" time="0.000" /><testcase classname="tests.test_adv_obj_15_target_pronoun_rewrite" name="test_anti_vertex_hyphenated_object_target_case" time="0.000" /><testcase classname="tests.test_adv_obj_15_target_pronoun_rewrite" name="test_failure_envelope_unaffected" time="0.000" /><testcase classname="tests.test_adv_obj_16_authority_strengthening" name="test_sign_placement_placeholder_substituted_juno" time="0.000" /><testcase classname="tests.test_adv_obj_16_authority_strengthening" name="test_sign_placement_placeholder_substituted_vertex" time="0.000" /><testcase classname="tests.test_adv_obj_16_authority_strengthening" name="test_sign_placement_placeholder_substituted_north_node" time="0.000" /><testcase classname="tests.test_adv_obj_16_authority_strengthening" name="test_target_name_and_placeholder_substitution_combine" time="0.000" /><testcase classname="tests.test_adv_obj_16_authority_strengthening" name="test_anti_vertex_placeholder_substitution" time="0.000" /><testcase classname="tests.test_adv_obj_16_authority_strengthening" name="test_authority_footer_present_in_mirror_block_self" time="0.000" /><testcase classname="tests.test_adv_obj_16_authority_strengthening" name="test_authority_footer_present_in_mirror_block_target" time="0.000" /><testcase classname="tests.test_adv_obj_16_authority_strengthening" name="test_authority_footer_mentions_fkr_explicitly" time="0.000" /><testcase classname="tests.test_adv_obj_16_authority_strengthening" name="test_authority_footer_in_natal_engine_block" time="0.000" /><testcase classname="tests.test_adv_obj_16_authority_strengthening" name="test_self_case_no_target_pronoun_change_but_authority_present" time="0.000" /><testcase classname="tests.test_adv_obj_16_authority_strengthening" name="test_empty_envelope_returns_empty_block" time="0.000" /><testcase classname="tests.test_adv_obj_16_authority_strengthening" name="test_failure_envelope_returns_empty_block" time="0.000" /><testcase classname="tests.test_adv_obj_16_authority_strengthening" name="test_no_house_placement_does_not_crash" time="0.000" /><testcase classname="tests.test_ana_birth_time_0820_diagnosis.TestProdStateAfterRepair" name="test_birth_time_persisted_0820" time="0.655" /><testcase classname="tests.test_ana_birth_time_0820_diagnosis.TestProdStateAfterRepair" name="test_timezone_persisted" time="0.000" /><testcase classname="tests.test_ana_birth_time_0820_diagnosis.TestProdStateAfterRepair" name="test_asc_taurus_047" time="0.000"><failure message="AssertionError: ASC.sign=Sagittarius&#10;assert 'Sagittarius' == 'Taurus'&#10;  &#10;  - Taurus&#10;  + Sagittarius">E   AssertionError: ASC.sign=Sagittarius
    assert 'Sagittarius' == 'Taurus'
      
      - Taurus
      + Sagittarius</failure></testcase><testcase classname="tests.test_ana_birth_time_0820_diagnosis.TestProdStateAfterRepair" name="test_mc_aquarius_387" time="0.000"><failure message="AssertionError: MC.sign=Leo&#10;assert 'Leo' == 'Aquarius'&#10;  &#10;  - Aquarius&#10;  + Leo">E   AssertionError: MC.sign=Leo
    assert 'Leo' == 'Aquarius'
      
      - Aquarius
      + Leo</failure></testcase><testcase classname="tests.test_ana_birth_time_0820_diagnosis.TestMemberSummary" name="test_rising_is_taurus_not_aries" time="0.082"><failure message="AssertionError: astrology='Aries Sun · Sagittarius Moon · Sagittarius Rising'&#10;assert 'Taurus Rising' in 'Aries Sun · Sagittarius Moon · Sagittarius Rising'">E   AssertionError: astrology='Aries Sun · Sagittarius Moon · Sagittarius Rising'
    assert 'Taurus Rising' in 'Aries Sun · Sagittarius Moon · Sagittarius Rising'</failure></testcase><testcase classname="tests.test_ana_birth_time_0820_diagnosis.TestMemberSummary" name="test_human_design_unchanged" time="0.000" /><testcase classname="tests.test_ana_birth_time_0820_diagnosis.TestRelationshipSynthesis" name="test_hd_narrative_blocks_populated" time="0.706" /><testcase classname="tests.test_ana_birth_time_0820_diagnosis.TestRelationshipSynthesis" name="test_relationship_channels_present" time="0.000" /><testcase classname="tests.test_ana_birth_time_0820_diagnosis.TestRelationshipSynthesis" name="test_no_raw_hd_jargon_in_story_slots" time="0.002" /><testcase classname="tests.test_ana_birth_time_0820_diagnosis.TestEngineGmDiagnosis" name="test_mirror_sidereal_matches_swisseph" time="0.000" /><testcase classname="tests.test_ana_birth_time_0820_diagnosis.TestEngineGmDiagnosis" name="test_engine_is_variant_a_13sign_in_tropical_frame" time="0.000" /><testcase classname="tests.test_ana_birth_time_0820_diagnosis.TestEngineGmDiagnosis" name="test_gm_delta_is_not_clean_30deg_offset" time="0.000" /><testcase classname="tests.test_ana_birth_time_0820_diagnosis.TestEngineGmDiagnosis" name="test_no_timezone_interpretation_lands_at_gm_asc" time="0.001" /><testcase classname="tests.test_ana_chart_repair_verification.TestStepA_AnaChartCorrect" name="test_chart_found" time="0.535" /><testcase classname="tests.test_ana_chart_repair_verification.TestStepA_AnaChartCorrect" name="test_engine_version_variant_a" time="0.000" /><testcase classname="tests.test_ana_chart_repair_verification.TestStepA_AnaChartCorrect" name="test_migration_marker_variant_a" time="0.000" /><testcase classname="tests.test_ana_chart_repair_verification.TestStepA_AnaChartCorrect" name="test_input_datetime_utc_is_correct" time="0.000"><failure message="AssertionError: input_datetime_utc=1983-05-03T00:20:00+00:00&#10;assert False&#10; +  where False = &lt;built-in method startswith of str object at 0xfa3be71ade30&gt;('1983-05-03T11:05:00')&#10; +    where &lt;built-in method startswith of str object at 0xfa3be71ade30&gt; = '1983-05-03T00:20:00+00:00'.startswith">E   AssertionError: input_datetime_utc=1983-05-03T00:20:00+00:00
    assert False
     +  where False = &lt;built-in method startswith of str object at 0xfa3be71ade30&gt;('1983-05-03T11:05:00')
     +    where &lt;built-in method startswith of str object at 0xfa3be71ade30&gt; = '1983-05-03T00:20:00+00:00'.startswith</failure></testcase><testcase classname="tests.test_ana_chart_repair_verification.TestStepA_AnaChartCorrect" name="test_asc_aries_17_degrees" time="0.000"><failure message="AssertionError: ASC sign=Sagittarius&#10;assert 'sagittarius' == 'aries'&#10;  &#10;  - aries&#10;  + sagittarius">E   AssertionError: ASC sign=Sagittarius
    assert 'sagittarius' == 'aries'
      
      - aries
      + sagittarius</failure></testcase><testcase classname="tests.test_ana_chart_repair_verification.TestStepA_AnaChartCorrect" name="test_saturn_house_6" time="0.000"><failure message="AssertionError: Saturn.house=10, expected 6&#10;assert 10 == 6&#10; +  where 10 = &lt;built-in method get of dict object at 0xfa3bbe1e4140&gt;('house')&#10; +    where &lt;built-in method get of dict object at 0xfa3bbe1e4140&gt; = {'degree': 37.624771, 'formatted': '37°Virgo', 'house': 10, 'longitude': 179.2312706670324, ...}.get">E   AssertionError: Saturn.house=10, expected 6
    assert 10 == 6
     +  where 10 = &lt;built-in method get of dict object at 0xfa3bbe1e4140&gt;('house')
     +    where &lt;built-in method get of dict object at 0xfa3bbe1e4140&gt; = {'degree': 37.624771, 'formatted': '37°Virgo', 'house': 10, 'longitude': 179.2312706670324, ...}.get</failure></testcase><testcase classname="tests.test_ana_chart_repair_verification.TestStepA_AnaChartCorrect" name="test_north_node_house_2" time="0.090"><failure message="AssertionError: NN.house=6, expected 2&#10;assert 6 == 2&#10; +  where 6 = &lt;built-in method get of dict object at 0xfa3bbfbc6640&gt;('house')&#10; +    where &lt;built-in method get of dict object at 0xfa3bbfbc6640&gt; = {'degree': 35.11, 'formatted': '35°Taurus', 'house': 6, 'longitude': 54.84, ...}.get">E   AssertionError: NN.house=6, expected 2
    assert 6 == 2
     +  where 6 = &lt;built-in method get of dict object at 0xfa3bbfbc6640&gt;('house')
     +    where &lt;built-in method get of dict object at 0xfa3bbfbc6640&gt; = {'degree': 35.11, 'formatted': '35°Taurus', 'house': 6, 'longitude': 54.84, ...}.get</failure></testcase><testcase classname="tests.test_ana_chart_repair_verification.TestStepA_AnaChartCorrect" name="test_fix_marker_provenance_hash" time="0.000"><failure message="AssertionError: provenance_hash=363e68d2c2e95c02eb226c80d21b807e2022ca3301742a1e37a297c71aeeeb63&#10;assert '363e68d2c2e9...297c71aeeeb63' == 'fefa59cfd83c...08cf8f5608023'&#10;  &#10;  - fefa59cfd83ceda126ef448101afa1fc3f0f34bf9196a12a9c708cf8f5608023&#10;  + 363e68d2c2e95c02eb226c80d21b807e2022ca3301742a1e37a297c71aeeeb63">E   AssertionError: provenance_hash=363e68d2c2e95c02eb226c80d21b807e2022ca3301742a1e37a297c71aeeeb63
    assert '363e68d2c2e9...297c71aeeeb63' == 'fefa59cfd83c...08cf8f5608023'
      
      - fefa59cfd83ceda126ef448101afa1fc3f0f34bf9196a12a9c708cf8f5608023
      + 363e68d2c2e95c02eb226c80d21b807e2022ca3301742a1e37a297c71aeeeb63</failure></testcase><testcase classname="tests.test_ana_chart_repair_verification.TestStepA_AnaChartCorrect" name="test_calculated_at_recent" time="0.000" /><testcase classname="tests.test_ana_chart_repair_verification.TestStepB_AnaUserDoc" name="test_match_exists" time="0.100" /><testcase classname="tests.test_ana_chart_repair_verification.TestStepB_AnaUserDoc" name="test_user_chart_present_and_va" time="0.001"><failure message="AssertionError: assert None == 'midpoint13_variant_a_v1'&#10; +  where None = &lt;built-in method get of dict object at 0xfa3bbfbc2b80&gt;('engine_version')&#10; +    where &lt;built-in method get of dict object at 0xfa3bbfbc2b80&gt; = {'_id': '6a1c17323b39ec46cfd74326', 'birth_date': '1983-05-03 00:00:00', 'birth_time': '08:20', 'chart_calculated_at': '2026-06-27T13:55:23.039000', ...}.get">E   AssertionError: assert None == 'midpoint13_variant_a_v1'
     +  where None = &lt;built-in method get of dict object at 0xfa3bbfbc2b80&gt;('engine_version')
     +    where &lt;built-in method get of dict object at 0xfa3bbfbc2b80&gt; = {'_id': '6a1c17323b39ec46cfd74326', 'birth_date': '1983-05-03 00:00:00', 'birth_time': '08:20', 'chart_calculated_at': '2026-06-27T13:55:23.039000', ...}.get</failure></testcase><testcase classname="tests.test_ana_chart_repair_verification.TestStepC_HumanDesign" name="test_hd_type_manifesting_generator" time="0.205" /><testcase classname="tests.test_ana_chart_repair_verification.TestStepC_HumanDesign" name="test_hd_profile_3_5" time="0.000" /><testcase classname="tests.test_ana_chart_repair_verification.TestStepC_HumanDesign" name="test_hd_personality_sun_21_3" time="0.000" /><testcase classname="tests.test_ana_chart_repair_verification.TestStepC_HumanDesign" name="test_hd_design_sun_38_5" time="0.000" /><testcase classname="tests.test_ana_chart_repair_verification.TestStepC_HumanDesign" name="test_hd_defined_channels" time="0.000" /><testcase classname="tests.test_ana_chart_repair_verification.TestStepD_CohortScan" name="test_ana_not_in_cohort" time="2.632"><failure message="AssertionError: Ana still appears in cohort: [{'user_id': '6a1c17323b39ec46cfd74326', 'chart_id': '6a1c1733a6581048cfb9013c', 'name': 'AnaG', 'email': None, 'stored_birth_date': '1983-05-03T00:00:00', 'stored_birth_time': '08:20', 'user_timezone_field': 'America/Argentina/Buenos_Aires', 'user_timezone_is_iana': True, 'stored_resolved_offset': '+08:00', 'stored_timezone_iana': None, 'stored_input_datetime_utc': '1983-05-03T00:20:00+00:00', 'lat': -34.5537503, 'lon': -58.7029608, 'expected_offset_h_from_lon': -3.91353072, 'implied_offset_h_from_stored_utc': 8.0, 'offset_disagree_implied_vs_expected_h': 11.91, 'raw_user_tz_offset_h': None, 'offset_disagree_user_tz_vs_lon_h': None, 'criteria_hit': ['A', 'C'], 'engine_version': None, 'migration_marker': None, 'calculated_at': '2026-06-27T13:55:23.039000', 'likely_correct_iana_hint': 'America/Argentina/Buenos_Aires (-03:00 hint)'}]&#10;assert 1 == 0&#10; +  where 1 = len([{'calculated_at': '2026-06-27T13:55:23.039000', 'chart_id': '6a1c1733a6581048cfb9013c', 'criteria_hit': ['A', 'C'], 'email': None, ...}])">E   AssertionError: Ana still appears in cohort: [{'user_id': '6a1c17323b39ec46cfd74326', 'chart_id': '6a1c1733a6581048cfb9013c', 'name': 'AnaG', 'email': None, 'stored_birth_date': '1983-05-03T00:00:00', 'stored_birth_time': '08:20', 'user_timezone_field': 'America/Argentina/Buenos_Aires', 'user_timezone_is_iana': True, 'stored_resolved_offset': '+08:00', 'stored_timezone_iana': None, 'stored_input_datetime_utc': '1983-05-03T00:20:00+00:00', 'lat': -34.5537503, 'lon': -58.7029608, 'expected_offset_h_from_lon': -3.91353072, 'implied_offset_h_from_stored_utc': 8.0, 'offset_disagree_implied_vs_expected_h': 11.91, 'raw_user_tz_offset_h': None, 'offset_disagree_user_tz_vs_lon_h': None, 'criteria_hit': ['A', 'C'], 'engine_version': None, 'migration_marker': None, 'calculated_at': '2026-06-27T13:55:23.039000', 'likely_correct_iana_hint': 'America/Argentina/Buenos_Aires (-03:00 hint)'}]
    assert 1 == 0
     +  where 1 = len([{'calculated_at': '2026-06-27T13:55:23.039000', 'chart_id': '6a1c1733a6581048cfb9013c', 'criteria_hit': ['A', 'C'], 'email': None, ...}])</failure></testcase><testcase classname="tests.test_ana_chart_repair_verification.TestStepD_CohortScan" name="test_jaan_not_modified_recently" time="0.071" /><testcase classname="tests.test_ana_chart_repair_verification.TestStepE_PublicChart" name="test_saturn_house_6" time="0.071"><failure message="AssertionError: Saturn.house=10&#10;assert 10 == 6&#10; +  where 10 = &lt;built-in method get of dict object at 0xfa3bbe216740&gt;('house')&#10; +    where &lt;built-in method get of dict object at 0xfa3bbe216740&gt; = {'degree': 37.62, 'formatted': '37°Virgo', 'house': 10, 'longitude': 179.23, ...}.get">E   AssertionError: Saturn.house=10
    assert 10 == 6
     +  where 10 = &lt;built-in method get of dict object at 0xfa3bbe216740&gt;('house')
     +    where &lt;built-in method get of dict object at 0xfa3bbe216740&gt; = {'degree': 37.62, 'formatted': '37°Virgo', 'house': 10, 'longitude': 179.23, ...}.get</failure></testcase><testcase classname="tests.test_ana_chart_repair_verification.TestStepE_PublicChart" name="test_nn_house_2" time="0.000"><failure message="AssertionError: NN.house=6&#10;assert 6 == 2&#10; +  where 6 = &lt;built-in method get of dict object at 0xfa3bbe1ecec0&gt;('house')&#10; +    where &lt;built-in method get of dict object at 0xfa3bbe1ecec0&gt; = {'degree': 35.11, 'formatted': '35°Taurus', 'house': 6, 'longitude': 54.84, ...}.get">E   AssertionError: NN.house=6
    assert 6 == 2
     +  where 6 = &lt;built-in method get of dict object at 0xfa3bbe1ecec0&gt;('house')
     +    where &lt;built-in method get of dict object at 0xfa3bbe1ecec0&gt; = {'degree': 35.11, 'formatted': '35°Taurus', 'house': 6, 'longitude': 54.84, ...}.get</failure></testcase><testcase classname="tests.test_ana_gm_chart_integrity.TestPeekChartAngles" name="test_ok" time="0.192" /><testcase classname="tests.test_ana_gm_chart_integrity.TestPeekChartAngles" name="test_user_birth_data_intact" time="0.000"><failure message="AssertionError: birth_time=08:20&#10;assert '08:20' == '08:05'&#10;  &#10;  - 08:05&#10;  ?     -&#10;  + 08:20&#10;  ?    +">E   AssertionError: birth_time=08:20
    assert '08:20' == '08:05'
      
      - 08:05
      ?     -
      + 08:20
      ?    +</failure></testcase><testcase classname="tests.test_ana_gm_chart_integrity.TestPeekChartAngles" name="test_stored_asc_aries" time="0.000"><failure message="AssertionError: ASC sign=Sagittarius&#10;assert 'Sagittarius' == 'Aries'&#10;  &#10;  - Aries&#10;  + Sagittarius">E   AssertionError: ASC sign=Sagittarius
    assert 'Sagittarius' == 'Aries'
      
      - Aries
      + Sagittarius</failure></testcase><testcase classname="tests.test_ana_gm_chart_integrity.TestPeekChartAngles" name="test_stored_mc_capricorn" time="0.000"><failure message="AssertionError: MC sign=Leo&#10;assert 'Leo' == 'Capricorn'&#10;  &#10;  - Capricorn&#10;  + Leo">E   AssertionError: MC sign=Leo
    assert 'Leo' == 'Capricorn'
      
      - Capricorn
      + Leo</failure></testcase><testcase classname="tests.test_ana_gm_chart_integrity.TestPeekChartAngles" name="test_legacy_migration_info_residue_present" time="0.001" /><testcase classname="tests.test_ana_gm_chart_integrity.TestMemberSummary" name="test_aries_rising_not_sagittarius" time="0.081"><failure message="AssertionError: missing Aries Rising in 'Aries Sun · Sagittarius Moon · Sagittarius Rising'&#10;assert 'Aries Rising' in 'Aries Sun · Sagittarius Moon · Sagittarius Rising'">E   AssertionError: missing Aries Rising in 'Aries Sun · Sagittarius Moon · Sagittarius Rising'
    assert 'Aries Rising' in 'Aries Sun · Sagittarius Moon · Sagittarius Rising'</failure></testcase><testcase classname="tests.test_ana_gm_chart_integrity.TestMemberSummary" name="test_hd_manifesting_generator_3_5_sacral" time="0.000" /><testcase classname="tests.test_ana_gm_chart_integrity.TestMemberMappings" name="test_hd_signals_present" time="0.314" /><testcase classname="tests.test_ana_gm_chart_integrity.TestMemberMappings" name="test_hd_signals_have_narrative" time="0.000" /><testcase classname="tests.test_ana_gm_chart_integrity.TestMemberMappings" name="test_human_design_field_present" time="0.000" /><testcase classname="tests.test_ana_gm_chart_integrity.TestSunMoonDiagnosisVsGM" name="test_sun_moon_mirror_values" time="0.077" /><testcase classname="tests.test_ana_gm_chart_integrity.TestSunMoonDiagnosisVsGM" name="test_engine_uses_true_sidereal_13sign" time="0.000" /><testcase classname="tests.test_ana_gm_chart_integrity.TestSunMoonDiagnosisVsGM" name="test_13sign_zodiac_in_use" time="0.000" /><testcase classname="tests.test_ana_gm_chart_integrity.TestSunMoonDiagnosisVsGM" name="test_record_diagnosis_for_main_agent" time="0.000" /><testcase classname="tests.test_ana_gm_parity_audit.TestProductionEngineConfig" name="test_build_info_engine_config_present" time="0.180"><skipped type="pytest.skip" message="engine_config block NOT present on production — local code has it but the build isn't deployed yet. Reported to main agent.">/app/backend/tests/test_ana_gm_parity_audit.py:117: engine_config block NOT present on production — local code has it but the build isn't deployed yet. Reported to main agent.</skipped></testcase><testcase classname="tests.test_ana_gm_parity_audit.TestProductionPeekChartAnglesAsc" name="test_asc_matches_gm_within_half_degree" time="0.125"><failure message="AssertionError: ASC sign mismatch: Sagittarius&#10;assert 'Sagittarius' == 'Taurus'&#10;  &#10;  - Taurus&#10;  + Sagittarius">E   AssertionError: ASC sign mismatch: Sagittarius
    assert 'Sagittarius' == 'Taurus'
      
      - Taurus
      + Sagittarius</failure></testcase><testcase classname="tests.test_ana_gm_parity_audit.TestSideBySideTable" name="test_print_side_by_side" time="0.002" /><testcase classname="tests.test_ana_gm_parity_audit.TestHouseShiftEqualVsPlacidus" name="test_house_shifts" time="0.000" /><testcase classname="tests.test_ana_gm_parity_audit.TestSharatanAyanamsa" name="test_compute_gm_sharatan_ayanamsa" time="0.000"><skipped type="pytest.skip" message="Swiss Ephemeris fixstar lookup failed: swisseph.fixstar2_ut: error, swe_fixstar(): could not find star name ,beAri">/app/backend/tests/test_ana_gm_parity_audit.py:252: Swiss Ephemeris fixstar lookup failed: swisseph.fixstar2_ut: error, swe_fixstar(): could not find star name ,beAri</skipped></testcase><testcase classname="tests.test_ana_gm_parity_audit.TestSignCrossingsUnderSharatan" name="test_no_planet_sign_crossings" time="0.000"><failure message="swisseph.Error: swisseph.fixstar2_ut: error, swe_fixstar(): could not find star name ,beAri">E   swisseph.Error: swisseph.fixstar2_ut: error, swe_fixstar(): could not find star name sheratan

During handling of the above exception, another exception occurred:
E   swisseph.Error: swisseph.fixstar2_ut: error, swe_fixstar(): could not find star name ,beAri</failure></testcase><testcase classname="tests.test_ana_gm_parity_audit.TestParityVerdict" name="test_sign_and_house_parity" time="0.001" /><testcase classname="tests.test_ana_gm_parity_audit_v2.TestParityDirect13Sign" name="test_print_and_check" time="0.002" /><testcase classname="tests.test_ana_gm_parity_audit_v2.TestSharatanAyanamsa" name="test_sharatan_ayanamsa_and_delta" time="0.000" /><testcase classname="tests.test_ana_gm_parity_audit_v2.TestSignCrossingsUnderTwoAyanamsas" name="test_sign_crossings" time="0.000" /><testcase classname="tests.test_annual_profection_engine" name="test_age_before_birthday" time="0.000" /><testcase classname="tests.test_annual_profection_engine" name="test_age_on_and_after_birthday" time="0.000" /><testcase classname="tests.test_annual_profection_engine" name="test_feb29_birthday_fallback" time="0.000" /><testcase classname="tests.test_annual_profection_engine" name="test_12_year_cycle_activates_first_house_at_age_0_12_24" time="0.000" /><testcase classname="tests.test_annual_profection_engine" name="test_second_year_activates_second_house" time="0.000" /><testcase classname="tests.test_annual_profection_engine" name="test_series_covers_full_lifespan_without_error" time="0.000" /><testcase classname="tests.test_annual_profection_engine" name="test_lord_of_the_year_traditional_mapping[Aries-Mars]" time="0.000" /><testcase classname="tests.test_annual_profection_engine" name="test_lord_of_the_year_traditional_mapping[Taurus-Venus]" time="0.000" /><testcase classname="tests.test_annual_profection_engine" name="test_lord_of_the_year_traditional_mapping[Gemini-Mercury]" time="0.000" /><testcase classname="tests.test_annual_profection_engine" name="test_lord_of_the_year_traditional_mapping[Cancer-Moon]" time="0.000" /><testcase classname="tests.test_annual_profection_engine" name="test_lord_of_the_year_traditional_mapping[Leo-Sun]" time="0.000" /><testcase classname="tests.test_annual_profection_engine" name="test_lord_of_the_year_traditional_mapping[Virgo-Mercury]" time="0.000" /><testcase classname="tests.test_annual_profection_engine" name="test_lord_of_the_year_traditional_mapping[Libra-Venus]" time="0.000" /><testcase classname="tests.test_annual_profection_engine" name="test_lord_of_the_year_traditional_mapping[Scorpio-Mars]" time="0.000" /><testcase classname="tests.test_annual_profection_engine" name="test_lord_of_the_year_traditional_mapping[Sagittarius-Jupiter]" time="0.000" /><testcase classname="tests.test_annual_profection_engine" name="test_lord_of_the_year_traditional_mapping[Capricorn-Saturn]" time="0.000" /><testcase classname="tests.test_annual_profection_engine" name="test_lord_of_the_year_traditional_mapping[Aquarius-Saturn]" time="0.000" /><testcase classname="tests.test_annual_profection_engine" name="test_lord_of_the_year_traditional_mapping[Pisces-Jupiter]" time="0.000" /><testcase classname="tests.test_annual_profection_engine" name="test_ophiuchus_year_has_no_classical_lord" time="0.000" /><testcase classname="tests.test_annual_profection_engine" name="test_ruler_natal_condition_extracted_from_planets" time="0.000" /><testcase classname="tests.test_annual_profection_engine" name="test_narrative_shape_and_tone_contract" time="0.000" /><testcase classname="tests.test_annual_profection_engine" name="test_timeline_profection_router_registered" time="1.216" /><testcase classname="tests.test_annual_profection_engine" name="test_compute_rejects_naive_datetime" time="0.000" /><testcase classname="tests.test_annual_profection_engine" name="test_compute_rejects_empty_chart" time="0.000" /><testcase classname="tests.test_annual_profection_engine" name="test_historical_and_future_use_same_code_path" time="0.000" /><testcase classname="tests.test_ask_mirror_astrology_v7.TestMemberChartResolver" name="test_extract_possessive_name" time="0.002" /><testcase classname="tests.test_ask_mirror_astrology_v7.TestMemberChartResolver" name="test_extract_skips_stopwords" time="0.000" /><testcase classname="tests.test_ask_mirror_astrology_v7.TestMemberChartResolver" name="test_extract_thaddeus_possessive" time="0.000" /><testcase classname="tests.test_ask_mirror_astrology_v7.TestMemberChartResolver" name="test_resolve_mel_target_for_pete" time="0.001"><failure message="RuntimeError: There is no current event loop in thread 'MainThread'.">E   RuntimeError: There is no current event loop in thread 'MainThread'.</failure></testcase><testcase classname="tests.test_ask_mirror_astrology_v7.TestMemberChartResolver" name="test_resolve_self_returns_none" time="0.000"><failure message="RuntimeError: There is no current event loop in thread 'MainThread'.">E   RuntimeError: There is no current event loop in thread 'MainThread'.</failure></testcase><testcase classname="tests.test_ask_mirror_astrology_v7.TestMemberChartResolver" name="test_resolve_thaddeus_target_for_pete" time="0.000"><failure message="RuntimeError: There is no current event loop in thread 'MainThread'.">E   RuntimeError: There is no current event loop in thread 'MainThread'.</failure></testcase><testcase classname="tests.test_ask_mirror_astrology_v7.TestAskMirrorDelegatesToMel" name="test_pete_asks_about_mels_4th_house_routes_to_mel" time="4.977" /><testcase classname="tests.test_ask_mirror_astrology_v7.TestAskMirrorSelfWholeChart" name="test_pete_my_whole_chart_routes_pressure_topology" time="5.310" /><testcase classname="tests.test_ask_mirror_astrology_v7.TestAstrologyLensRegression" name="test_pete_10th_house_lens_astrology" time="4.289" /><testcase classname="tests.test_ask_mirror_astrology_v7.TestAstrologyLensRegression" name="test_pete_whole_chart_lens_astrology" time="5.554" /><testcase classname="tests.test_ask_mirror_astrology_v7.TestAstrologyLensRegression" name="test_pete_natal_chiron_lens_astrology" time="4.486" /><testcase classname="tests.test_ask_mirror_astrology_v7.TestNoFalsePositiveGate" name="test_non_astrology_ask_mirror_does_not_fire_engine" time="3.565" /><testcase classname="tests.test_astrology_deep_dive_integrity.TestCanonicalPayloadContainsNodes" name="test_metadata_node_mode_exists" time="0.001" /><testcase classname="tests.test_astrology_deep_dive_integrity.TestCanonicalPayloadContainsNodes" name="test_nodes_north_complete" time="0.001" /><testcase classname="tests.test_astrology_deep_dive_integrity.TestCanonicalPayloadContainsNodes" name="test_nodes_south_complete" time="0.001" /><testcase classname="tests.test_astrology_deep_dive_integrity.TestCanonicalPayloadContainsNodes" name="test_nodes_opposition" time="0.001" /><testcase classname="tests.test_astrology_deep_dive_integrity.TestCanonicalPayloadContainsNodes" name="test_houses_cusps_count" time="0.001" /><testcase classname="tests.test_astrology_deep_dive_integrity.TestCanonicalPayloadContainsNodes" name="test_angles_complete" time="0.001" /><testcase classname="tests.test_astrology_deep_dive_integrity.TestCanonicalPayloadContainsNodes" name="test_aspects_list_exists" time="0.001" /><testcase classname="tests.test_astrology_deep_dive_integrity.TestCanonicalPayloadContainsNodes" name="test_sect_exists" time="0.001" /><testcase classname="tests.test_astrology_deep_dive_integrity.TestCanonicalPayloadContainsNodes" name="test_compute_integrity_valid" time="0.001" /><testcase classname="tests.test_astrology_deep_dive_integrity.TestDeepDiveHandoffPayload" name="test_payload_includes_all_required_fields" time="0.001" /><testcase classname="tests.test_astrology_deep_dive_integrity.TestDeepDiveHandoffPayload" name="test_payload_nodes_north_south" time="0.001" /><testcase classname="tests.test_astrology_deep_dive_integrity.TestDeepDiveHandoffPayload" name="test_payload_metadata_node_mode" time="0.001" /><testcase classname="tests.test_astrology_deep_dive_integrity.TestDeepDiveHandoffPayload" name="test_payload_planets_all_present" time="0.001" /><testcase classname="tests.test_astrology_deep_dive_integrity.TestDeepDiveHandoffPayload" name="test_payload_serializable" time="0.001" /><testcase classname="tests.test_astrology_deep_dive_integrity.TestNeverClaimMissingNodes" name="test_guardrails_catch_missing_nodes_claims" time="0.001" /><testcase classname="tests.test_astrology_deep_dive_integrity.TestNeverClaimMissingNodes" name="test_node_data_never_claimed_missing_when_present" time="0.001" /><testcase classname="tests.test_astrology_deep_dive_integrity.TestComputeIntegrityErrorShortCircuits" name="test_compute_integrity_error_raised_on_missing_data" time="0.000" /><testcase classname="tests.test_astrology_deep_dive_integrity.TestComputeIntegrityErrorShortCircuits" name="test_compute_integrity_error_to_dict" time="0.000" /><testcase classname="tests.test_astrology_deep_dive_integrity.TestComputeIntegrityErrorShortCircuits" name="test_deep_dive_returns_error_on_compute_failure" time="0.000" /><testcase classname="tests.test_astrology_deep_dive_integrity.TestComputeIntegrityErrorShortCircuits" name="test_llm_not_called_when_integrity_fails" time="0.000" /><testcase classname="tests.test_astrology_deep_dive_integrity.TestPeteChartRegression" name="test_pete_north_node_pisces" time="0.001" /><testcase classname="tests.test_astrology_deep_dive_integrity.TestPeteChartRegression" name="test_pete_south_node_virgo" time="0.001" /><testcase classname="tests.test_astrology_deep_dive_integrity.TestPeteChartRegression" name="test_pete_sun_pisces" time="0.001" /><testcase classname="tests.test_astrology_deep_dive_integrity.TestPeteChartRegression" name="test_pete_moon_aries" time="0.001" /><testcase classname="tests.test_astrology_deep_dive_integrity.TestPeteChartRegression" name="test_pete_ascendant_sagittarius" time="0.001" /><testcase classname="tests.test_astrology_deep_dive_integrity.TestPeteChartRegression" name="test_pete_sect_night" time="0.001" /><testcase classname="tests.test_astrology_timeline_generator" name="test_generator_produces_expected_top_level_keys" time="0.000" /><testcase classname="tests.test_astrology_timeline_generator" name="test_generator_returns_none_when_chart_missing" time="0.000" /><testcase classname="tests.test_astrology_timeline_generator" name="test_generator_uses_sun_sign_pattern_table" time="0.000" /><testcase classname="tests.test_astrology_timeline_generator" name="test_generator_threads_house_areas_into_phase_descriptions" time="0.000"><failure message="AssertionError: assert 'Where You St...aging Quietly' == 'Recognition'&#10;  &#10;  - Recognition&#10;  + Where You Stop Managing Quietly">E   AssertionError: assert 'Where You St...aging Quietly' == 'Recognition'
      
      - Recognition
      + Where You Stop Managing Quietly</failure></testcase><testcase classname="tests.test_astrology_timeline_generator" name="test_generator_builds_3_turning_points_with_canonical_timing" time="0.000"><failure message="assert False&#10; +  where False = any(&lt;generator object test_generator_builds_3_turning_points_with_canonical_timing.&lt;locals&gt;.&lt;genexpr&gt; at 0xfa3ae5ff4930&gt;)">E   assert False
     +  where False = any(&lt;generator object test_generator_builds_3_turning_points_with_canonical_timing.&lt;locals&gt;.&lt;genexpr&gt; at 0xfa3ae5ff4930&gt;)</failure></testcase><testcase classname="tests.test_astrology_timeline_generator" name="test_generator_includes_current_year_in_periods" time="0.000" /><testcase classname="tests.test_astrology_timeline_generator" name="test_pipeline_real_payload_produces_real_source" time="0.003"><failure message="AssertionError: assert 'Where You St...aging Quietly' == 'Confrontation'&#10;  &#10;  - Confrontation&#10;  + Where You Stop Managing Quietly">E   AssertionError: assert 'Where You St...aging Quietly' == 'Confrontation'
      
      - Confrontation
      + Where You Stop Managing Quietly</failure></testcase><testcase classname="tests.test_astrology_timeline_generator" name="test_pipeline_no_payload_marks_scaffold_source" time="0.000" /><testcase classname="tests.test_astrology_timeline_generator" name="test_pipeline_domain_relevance_picks_up_house_areas" time="0.002"><failure message="assert 'relationships' in {'health': 'the body is asking for a different pace — pressure here tends to surface as fatigue, not crisis', 'self': &quot;identity is shifting — what you used to call 'me' may not fit what is now becoming&quot;}">E   assert 'relationships' in {'health': 'the body is asking for a different pace — pressure here tends to surface as fatigue, not crisis', 'self': "identity is shifting — what you used to call 'me' may not fit what is now becoming"}</failure></testcase><testcase classname="tests.test_astrology_timeline_interpreter" name="test_scaffold_phases_by_quarter[2026-02-15-Recognition-Confrontation]" time="0.000" /><testcase classname="tests.test_astrology_timeline_interpreter" name="test_scaffold_phases_by_quarter[2026-05-15-Confrontation-Crossroads]" time="0.000" /><testcase classname="tests.test_astrology_timeline_interpreter" name="test_scaffold_phases_by_quarter[2026-08-15-Crossroads-Integration]" time="0.000" /><testcase classname="tests.test_astrology_timeline_interpreter" name="test_scaffold_phases_by_quarter[2026-11-15-Integration-Recognition]" time="0.000" /><testcase classname="tests.test_astrology_timeline_interpreter" name="test_turning_points_parsed_with_classification" time="0.000" /><testcase classname="tests.test_astrology_timeline_interpreter" name="test_domain_relevance_intimacy_and_shared_resources" time="0.000" /><testcase classname="tests.test_astrology_timeline_interpreter" name="test_life_interpreter_compresses_richer_timeline_context" time="0.002" /><testcase classname="tests.test_astrology_timeline_interpreter" name="test_fallback_when_timeline_unavailable" time="0.000" /><testcase classname="tests.test_astrology_timeline_interpreter" name="test_intent_detection_for_contradiction_and_outlook" time="0.000" /><testcase classname="tests.test_astrology_today_v5" name="test_signal_conflict_true_when_multiple_categories_live" time="0.000" /><testcase classname="tests.test_astrology_today_v5" name="test_signal_conflict_false_when_only_one_category" time="0.000" /><testcase classname="tests.test_astrology_today_v5" name="test_core_message_uses_conflict_template_when_flag_true" time="0.000" /><testcase classname="tests.test_astrology_today_v5" name="test_core_message_uses_single_template_when_flag_false" time="0.000" /><testcase classname="tests.test_astrology_today_v5" name="test_core_message_continuity_wrapper_prepended" time="0.000" /><testcase classname="tests.test_astrology_today_v5" name="test_guardrails_catch_vague_vocab" time="0.001" /><testcase classname="tests.test_astrology_today_v5" name="test_guardrails_catch_astrology_jargon" time="0.000" /><testcase classname="tests.test_astrology_today_v5" name="test_guardrails_catch_prescriptive_tokens" time="0.000" /><testcase classname="tests.test_astrology_today_v5" name="test_guardrails_pass_clean_text" time="0.000" /><testcase classname="tests.test_astrology_today_v5" name="test_overlap_high_when_sections_copy_core_message" time="0.000" /><testcase classname="tests.test_astrology_today_v5" name="test_overlap_low_when_sections_introduce_new_info" time="0.000" /><testcase classname="tests.test_astrology_today_v5" name="test_fallback_sections_shape_and_nonprescriptive_move" time="0.000" /><testcase classname="tests.test_astrology_today_v5" name="test_fallback_conflict_bullets_are_behavioural" time="0.000" /><testcase classname="tests.test_auto_migration_mel_safety_net" name="test_case4_mel_pre_1982_kl_plus_08_triggers" time="0.000" /><testcase classname="tests.test_auto_migration_mel_safety_net" name="test_case4_post_1982_does_not_trigger" time="0.000" /><testcase classname="tests.test_auto_migration_mel_safety_net" name="test_case4_non_malaysian_does_not_trigger" time="0.000" /><testcase classname="tests.test_auto_migration_mel_safety_net" name="test_case4_already_correct_offset_does_not_trigger" time="0.000" /><testcase classname="tests.test_auto_migration_mel_safety_net" name="test_case5_mel_by_email_with_stale_chart_triggers" time="0.000" /><testcase classname="tests.test_auto_migration_mel_safety_net" name="test_case5_mel_by_name_with_stale_chart_triggers" time="0.000" /><testcase classname="tests.test_auto_migration_mel_safety_net" name="test_case5_mel_already_correct_does_not_trigger" time="0.000" /><testcase classname="tests.test_auto_migration_mel_safety_net" name="test_case5_non_mel_user_does_not_trigger" time="0.000" /><testcase classname="tests.test_auto_migration_mel_safety_net" name="test_case5_mel_missing_migration_info_triggers" time="0.000" /><testcase classname="tests.test_b2_mirror_chat_shadow" name="test_health_ok" time="0.254" /><testcase classname="tests.test_b2_mirror_chat_shadow" name="test_mirror_chat_unresolved_named_sarah" time="2.902" /><testcase classname="tests.test_b2_mirror_chat_shadow" name="test_mirror_chat_no_propername_no_falsefire" time="4.713" /><testcase classname="tests.test_b2_mirror_chat_shadow" name="test_mirror_chat_explicit_target_resolved" time="3.518"><failure message="AssertionError: {'active_frame': 'member', 'closeness': 0.0, 'conflicts': [], 'context_mode': 'RELATIONAL', ...}&#10;assert '697ec826ad4b18f75bf42616' == '6a0b0ac57a933e4a69a5183b'&#10;  &#10;  - 6a0b0ac57a933e4a69a5183b&#10;  + 697ec826ad4b18f75bf42616">E   AssertionError: {'active_frame': 'member', 'closeness': 0.0, 'conflicts': [], 'context_mode': 'RELATIONAL', ...}
    assert '697ec826ad4b18f75bf42616' == '6a0b0ac57a933e4a69a5183b'
      
      - 6a0b0ac57a933e4a69a5183b
      + 697ec826ad4b18f75bf42616</failure></testcase><testcase classname="tests.test_bazi_animal_narrative" name="test_clash_pair_explains_dynamic" time="0.000" /><testcase classname="tests.test_bazi_animal_narrative" name="test_harmony_pair_explains_dynamic" time="0.000" /><testcase classname="tests.test_bazi_animal_narrative" name="test_same_sign_pair" time="0.000" /><testcase classname="tests.test_bazi_animal_narrative" name="test_neutral_pair_explained" time="0.000" /><testcase classname="tests.test_bazi_animal_narrative" name="test_triad_block_same_triad" time="0.000" /><testcase classname="tests.test_bazi_animal_narrative" name="test_triad_block_cross_triad" time="0.000" /><testcase classname="tests.test_bazi_animal_narrative" name="test_inner_clash_uses_day_animals" time="0.000" /><testcase classname="tests.test_bazi_animal_narrative" name="test_returns_none_when_animals_missing" time="0.000" /><testcase classname="tests.test_bazi_animal_narrative" name="test_no_mystical_fatalism" time="0.000" /><testcase classname="tests.test_bazi_animal_narrative" name="test_version_marker_exposed" time="0.000" /><testcase classname="tests.test_classify_forum_source" name="test_pfs1_defect1_self_token_pair_is_romantic[Mel and I]" time="0.000" /><testcase classname="tests.test_classify_forum_source" name="test_pfs1_defect1_self_token_pair_is_romantic[Mel &amp; I]" time="0.000" /><testcase classname="tests.test_classify_forum_source" name="test_pfs1_defect1_self_token_pair_is_romantic[Mel + I]" time="0.000" /><testcase classname="tests.test_classify_forum_source" name="test_pfs1_defect1_self_token_pair_is_romantic[Mel/I]" time="0.000" /><testcase classname="tests.test_classify_forum_source" name="test_pfs1_defect1_self_token_pair_is_romantic[Pete and I]" time="0.000" /><testcase classname="tests.test_classify_forum_source" name="test_pfs1_defect1_self_token_pair_is_romantic[Pete &amp; I]" time="0.000" /><testcase classname="tests.test_classify_forum_source" name="test_pfs1_defect1_self_token_pair_is_romantic[I and Mel]" time="0.000" /><testcase classname="tests.test_classify_forum_source" name="test_pfs1_defect1_self_token_pair_is_romantic[I &amp; Mel]" time="0.000" /><testcase classname="tests.test_classify_forum_source" name="test_pfs1_defect1_self_token_pair_is_romantic[mel and i]" time="0.000" /><testcase classname="tests.test_classify_forum_source" name="test_pfs1_defect1_self_token_pair_is_romantic[MEL AND I]" time="0.000" /><testcase classname="tests.test_classify_forum_source" name="test_pfs1_defect1_me_token_pair_is_romantic[Me and Mel]" time="0.000" /><testcase classname="tests.test_classify_forum_source" name="test_pfs1_defect1_me_token_pair_is_romantic[Me &amp; Mel]" time="0.000" /><testcase classname="tests.test_classify_forum_source" name="test_pfs1_defect1_me_token_pair_is_romantic[Mel and Me]" time="0.000" /><testcase classname="tests.test_classify_forum_source" name="test_pfs1_defect1_me_token_pair_is_romantic[Mel &amp; Me]" time="0.001" /><testcase classname="tests.test_classify_forum_source" name="test_pfs1_defect2_third_party_pair_has_no_romantic_role[Lu/Pere]" time="0.000" /><testcase classname="tests.test_classify_forum_source" name="test_pfs1_defect2_third_party_pair_has_no_romantic_role[Pete/Ana]" time="0.000" /><testcase classname="tests.test_classify_forum_source" name="test_pfs1_defect2_third_party_pair_has_no_romantic_role[Nic &amp; Pete]" time="0.000" /><testcase classname="tests.test_classify_forum_source" name="test_pfs1_defect2_third_party_pair_has_no_romantic_role[Pete + Ana]" time="0.000" /><testcase classname="tests.test_classify_forum_source" name="test_pfs1_defect2_third_party_pair_has_no_romantic_role[Lu and Pere]" time="0.000" /><testcase classname="tests.test_classify_forum_source" name="test_pfs1_defect2_third_party_pair_has_no_romantic_role[Lu+Pere]" time="0.000" /><testcase classname="tests.test_classify_forum_source" name="test_pfs1_defect2_third_party_pair_has_no_romantic_role[Pete &amp; Mel]" time="0.000" /><testcase classname="tests.test_classify_forum_source" name="test_pfs1_defect2_third_party_pair_has_no_romantic_role[Mel &amp; Pete]" time="0.000" /><testcase classname="tests.test_classify_forum_source" name="test_pfs1_defect2_explicit_business_pair_cofounder_role_aspirational[PLACEHOLDER]" time="0.000" /><testcase classname="tests.test_classify_forum_source" name="test_pfs1_explicit_romantic_marker_override_aspirational[PLACEHOLDER]" time="0.000" /><testcase classname="tests.test_classify_forum_source" name="test_family_forum[Yoong Family-family]" time="0.000" /><testcase classname="tests.test_classify_forum_source" name="test_family_forum[Yoong family-family]" time="0.000" /><testcase classname="tests.test_classify_forum_source" name="test_family_forum[Yoong Fam-family]" time="0.000" /><testcase classname="tests.test_classify_forum_source" name="test_family_forum[Family Yoong-family]" time="0.000" /><testcase classname="tests.test_classify_forum_source" name="test_family_forum[The Smith Family Forum-family]" time="0.000" /><testcase classname="tests.test_classify_forum_source" name="test_business_forum_non_pair_shape[Pulsifi Leadership]" time="0.000" /><testcase classname="tests.test_classify_forum_source" name="test_business_forum_non_pair_shape[Acme Cofounders]" time="0.000" /><testcase classname="tests.test_classify_forum_source" name="test_business_forum_non_pair_shape[
[...]
    assert 429 == 200
     +  where 429 = &lt;Response [429]&gt;.status_code</failure></testcase><testcase classname="tests.test_slice_a_auto_context_http" name="test_s3_tell_me_about_myself_self" time="0.045"><failure message="AssertionError: [S3 SELF baseline] expected 200, got 429: {&quot;detail&quot;:&quot;Mirror needs a pause. Try again in a little while.&quot;}&#10;assert 429 == 200&#10; +  where 429 = &lt;Response [429]&gt;.status_code">E   AssertionError: [S3 SELF baseline] expected 200, got 429: {"detail":"Mirror needs a pause. Try again in a little while."}
    assert 429 == 200
     +  where 429 = &lt;Response [429]&gt;.status_code</failure></testcase><testcase classname="tests.test_slice_a_auto_context_http" name="test_s4_pairwise_mel_thaddeus" time="0.044"><failure message="AssertionError: [S4 pairwise Mel+Thaddeus] expected 200, got 429: {&quot;detail&quot;:&quot;Mirror needs a pause. Try again in a little while.&quot;}&#10;assert 429 == 200&#10; +  where 429 = &lt;Response [429]&gt;.status_code">E   AssertionError: [S4 pairwise Mel+Thaddeus] expected 200, got 429: {"detail":"Mirror needs a pause. Try again in a little while."}
    assert 429 == 200
     +  where 429 = &lt;Response [429]&gt;.status_code</failure></testcase><testcase classname="tests.test_slice_a_auto_context_http" name="test_s5_multi_person_my_children" time="0.044"><failure message="AssertionError: [S5 multi-person my children] expected 200, got 429: {&quot;detail&quot;:&quot;Mirror needs a pause. Try again in a little while.&quot;}&#10;assert 429 == 200&#10; +  where 429 = &lt;Response [429]&gt;.status_code">E   AssertionError: [S5 multi-person my children] expected 200, got 429: {"detail":"Mirror needs a pause. Try again in a little while."}
    assert 429 == 200
     +  where 429 = &lt;Response [429]&gt;.status_code</failure></testcase><testcase classname="tests.test_slice_a_auto_context_http" name="test_s6_forum_whole_energy" time="0.043"><failure message="AssertionError: [S6 forum whole energy] expected 200, got 429: {&quot;detail&quot;:&quot;Mirror needs a pause. Try again in a little while.&quot;}&#10;assert 429 == 200&#10; +  where 429 = &lt;Response [429]&gt;.status_code">E   AssertionError: [S6 forum whole energy] expected 200, got 429: {"detail":"Mirror needs a pause. Try again in a little while."}
    assert 429 == 200
     +  where 429 = &lt;Response [429]&gt;.status_code</failure></testcase><testcase classname="tests.test_slice_a_auto_context_http" name="test_s7_no_leakage_explicit_check" time="0.041"><failure message="AssertionError: [S7 forum whole energy variant] expected 200, got 429: {&quot;detail&quot;:&quot;Mirror needs a pause. Try again in a little while.&quot;}&#10;assert 429 == 200&#10; +  where 429 = &lt;Response [429]&gt;.status_code">E   AssertionError: [S7 forum whole energy variant] expected 200, got 429: {"detail":"Mirror needs a pause. Try again in a little while."}
    assert 429 == 200
     +  where 429 = &lt;Response [429]&gt;.status_code</failure></testcase><testcase classname="tests.test_symbolic_compute_contract.TestComputeIntegrityError" name="test_error_creation" time="0.000" /><testcase classname="tests.test_symbolic_compute_contract.TestComputeIntegrityError" name="test_error_with_partial_data" time="0.000" /><testcase classname="tests.test_symbolic_compute_contract.TestComputeIntegrityError" name="test_error_with_system" time="0.000" /><testcase classname="tests.test_symbolic_compute_contract.TestComputeIntegrityError" name="test_to_dict" time="0.000" /><testcase classname="tests.test_symbolic_compute_contract.TestComputeIntegrityError" name="test_to_api_response" time="0.000" /><testcase classname="tests.test_symbolic_compute_contract.TestSymbolicPayload" name="test_payload_creation" time="0.000" /><testcase classname="tests.test_symbolic_compute_contract.TestSymbolicPayload" name="test_payload_to_dict" time="0.000" /><testcase classname="tests.test_symbolic_compute_contract.TestSymbolicPayload" name="test_payload_inputs_hash" time="0.000" /><testcase classname="tests.test_symbolic_compute_contract.TestSymbolicPayload" name="test_payload_with_invalid_integrity" time="0.000" /><testcase classname="tests.test_symbolic_compute_contract.TestSymbolicPayload" name="test_assert_valid_raises_on_invalid" time="0.000" /><testcase classname="tests.test_symbolic_compute_contract.TestLLMHandoffValidation" name="test_assert_handoff_ready_passes_valid" time="0.000" /><testcase classname="tests.test_symbolic_compute_contract.TestLLMHandoffValidation" name="test_assert_handoff_ready_raises_invalid" time="0.000" /><testcase classname="tests.test_symbolic_compute_contract.TestLLMHandoffValidation" name="test_validate_handoff_dict" time="0.000" /><testcase classname="tests.test_symbolic_compute_contract.TestLLMHandoffValidation" name="test_validate_handoff_dict_invalid" time="0.000" /><testcase classname="tests.test_symbolic_compute_contract.TestForbiddenLanguage" name="test_detects_missing_data_claims" time="0.000" /><testcase classname="tests.test_symbolic_compute_contract.TestForbiddenLanguage" name="test_detects_cant_see_claims" time="0.000" /><testcase classname="tests.test_symbolic_compute_contract.TestForbiddenLanguage" name="test_detects_request_for_data" time="0.000" /><testcase classname="tests.test_symbolic_compute_contract.TestForbiddenLanguage" name="test_clean_text_passes" time="0.000" /><testcase classname="tests.test_symbolic_compute_contract.TestRequiredKeys" name="test_astrology_required_keys" time="0.000" /><testcase classname="tests.test_symbolic_compute_contract.TestRequiredKeys" name="test_human_design_required_keys" time="0.000" /><testcase classname="tests.test_symbolic_compute_contract.TestRequiredKeys" name="test_numerology_required_keys" time="0.000" /><testcase classname="tests.test_symbolic_compute_contract.TestContractInfo" name="test_get_contract_info" time="0.000" /><testcase classname="tests.test_symbolic_compute_contract.TestCrossSystemIntegration" name="test_astrology_uses_shared_error" time="0.001" /><testcase classname="tests.test_symbolic_compute_contract.TestCrossSystemIntegration" name="test_human_design_uses_shared_error" time="0.001" /><testcase classname="tests.test_symbolic_compute_contract.TestCrossSystemIntegration" name="test_numerology_uses_shared_error" time="0.000" /><testcase classname="tests.test_symbolic_compute_contract.TestRegressionGuarantee" name="test_astrology_test_file_exists" time="0.000" /><testcase classname="tests.test_symbolic_compute_contract.TestRegressionGuarantee" name="test_human_design_test_file_exists" time="0.000" /><testcase classname="tests.test_symbolic_compute_contract.TestRegressionGuarantee" name="test_numerology_test_file_exists" time="0.000" /><testcase classname="tests.test_timeline_profection_api.TestProfectionCurrent" name="test_current_no_date" time="0.127" /><testcase classname="tests.test_timeline_profection_api.TestProfectionCurrent" name="test_current_historical_2000_01_01" time="0.041" /><testcase classname="tests.test_timeline_profection_api.TestProfectionCurrent" name="test_current_future_2050" time="0.043" /><testcase classname="tests.test_timeline_profection_api.TestProfectionCurrent" name="test_current_invalid_user_id_returns_400" time="0.038" /><testcase classname="tests.test_timeline_profection_api.TestProfectionCurrent" name="test_current_missing_user_returns_404" time="0.040" /><testcase classname="tests.test_timeline_profection_api.TestProfectionCurrent" name="test_current_invalid_date_returns_400" time="0.040" /><testcase classname="tests.test_timeline_profection_api.TestProfectionCurrent" name="test_interpretation_has_six_mirror_v2_answers" time="0.043" /><testcase classname="tests.test_timeline_profection_api.TestProfectionCurrent" name="test_tone_contract_all_true" time="0.041" /><testcase classname="tests.test_timeline_profection_api.TestProfectionCurrent" name="test_timing_signals_annual_profection_wrapper" time="0.042" /><testcase classname="tests.test_timeline_profection_api.TestProfectionSeries" name="test_series_shape_and_sequence" time="0.042" /><testcase classname="tests.test_timeline_profection_api.TestProfectionSeries" name="test_series_exactly_one_is_current" time="0.043" /><testcase classname="tests.test_timeline_profection_api.TestRegressionExistingEndpoints" name="test_admin_build_info" time="0.046" /><testcase classname="tests.test_timeline_profection_api.TestRegressionExistingEndpoints" name="test_admin_dual_house_audit" time="0.041" /><testcase classname="tests.test_timeline_profection_api.TestRegressionExistingEndpoints" name="test_mirror_endpoint_reachable" time="0.079" /><testcase classname="tests.test_timeline_signals_http" name="test_signals_current_today_shape" time="0.105" /><testcase classname="tests.test_timeline_signals_http" name="test_signals_current_historical_date" time="0.041" /><testcase classname="tests.test_timeline_signals_http" name="test_signals_current_invalid_user_id" time="0.041" /><testcase classname="tests.test_timeline_signals_http" name="test_signals_current_unknown_user_id_404" time="0.043" /><testcase classname="tests.test_timeline_signals_http" name="test_signals_current_bad_date_format" time="0.041" /><testcase classname="tests.test_timeline_signals_http" name="test_profection_current_still_works" time="0.044" /><testcase classname="tests.test_timeline_signals_http" name="test_profection_series_still_works" time="0.043" /><testcase classname="tests.test_timezone_resolution" name="test_resolve_iana_timezone[Argentina--34.6037--58.3816-America/Argentina/Buenos_Aires]" time="0.001" /><testcase classname="tests.test_timezone_resolution" name="test_resolve_iana_timezone[KualaLumpur-3.139-101.6869-Asia/Kuala_Lumpur]" time="0.000" /><testcase classname="tests.test_timezone_resolution" name="test_resolve_iana_timezone[NewYork-40.7128--74.006-America/New_York]" time="0.000" /><testcase classname="tests.test_timezone_resolution" name="test_resolve_iana_timezone[LosAngeles-34.0522--118.2437-America/Los_Angeles]" time="0.000" /><testcase classname="tests.test_timezone_resolution" name="test_resolve_iana_timezone[Chicago-41.8781--87.6298-America/Chicago]" time="0.000" /><testcase classname="tests.test_timezone_resolution" name="test_resolve_iana_timezone[London-51.5074--0.1278-Europe/London]" time="0.000" /><testcase classname="tests.test_timezone_resolution" name="test_resolve_returns_none_for_invalid_inputs" time="0.000" /><testcase classname="tests.test_timezone_resolution" name="test_is_iana_name_rejects_fixed_offsets_and_aliases" time="0.000" /><testcase classname="tests.test_timezone_resolution" name="test_create_user_coords_override_client_timezone[Argentina--34.6037--58.3816-America/Argentina/Buenos_Aires]" time="0.584" /><testcase classname="tests.test_timezone_resolution" name="test_create_user_coords_override_client_timezone[KualaLumpur-3.139-101.6869-Asia/Kuala_Lumpur]" time="0.006" /><testcase classname="tests.test_timezone_resolution" name="test_create_user_coords_override_client_timezone[NewYork-40.7128--74.006-America/New_York]" time="0.006" /><testcase classname="tests.test_timezone_resolution" name="test_create_user_coords_override_client_timezone[LosAngeles-34.0522--118.2437-America/Los_Angeles]" time="0.007" /><testcase classname="tests.test_timezone_resolution" name="test_create_user_coords_override_client_timezone[Chicago-41.8781--87.6298-America/Chicago]" time="0.007" /><testcase classname="tests.test_timezone_resolution" name="test_create_user_coords_override_client_timezone[London-51.5074--0.1278-Europe/London]" time="0.006" /><testcase classname="tests.test_timezone_resolution" name="test_create_user_rejects_fixed_offset_when_no_coords[+00:00]" time="0.416" /><testcase classname="tests.test_timezone_resolution" name="test_create_user_rejects_fixed_offset_when_no_coords[+08:00]" time="0.427" /><testcase classname="tests.test_timezone_resolution" name="test_create_user_rejects_fixed_offset_when_no_coords[UTC]" time="0.407" /><testcase classname="tests.test_timezone_resolution" name="test_create_user_rejects_fixed_offset_when_no_coords[GMT]" time="0.259" /><testcase classname="tests.test_timezone_resolution" name="test_create_saved_person_coords_override_client_timezone[Argentina--34.6037--58.3816-America/Argentina/Buenos_Aires]" time="0.011" /><testcase classname="tests.test_timezone_resolution" name="test_create_saved_person_coords_override_client_timezone[KualaLumpur-3.139-101.6869-Asia/Kuala_Lumpur]" time="0.003" /><testcase classname="tests.test_timezone_resolution" name="test_create_saved_person_coords_override_client_timezone[NewYork-40.7128--74.006-America/New_York]" time="0.002" /><testcase classname="tests.test_timezone_resolution" name="test_create_saved_person_coords_override_client_timezone[LosAngeles-34.0522--118.2437-America/Los_Angeles]" time="0.002" /><testcase classname="tests.test_timezone_resolution" name="test_create_saved_person_coords_override_client_timezone[Chicago-41.8781--87.6298-America/Chicago]" time="0.003" /><testcase classname="tests.test_timezone_resolution" name="test_create_saved_person_coords_override_client_timezone[London-51.5074--0.1278-Europe/London]" time="0.002" /><testcase classname="tests.test_timezone_resolution" name="test_patch_saved_person_recomputes_tz_when_coords_change" time="0.007" /><testcase classname="tests.test_timezone_resolution" name="test_patch_saved_person_rejects_fixed_offset_when_loc_cleared" time="0.004" /><testcase classname="tests.test_timezone_resolution" name="test_patch_saved_person_coord_change_overrides_client_tz" time="0.008" /><testcase classname="tests.test_timing_evidence_layer" name="test_timing_evidence_public_dict_shape" time="0.000" /><testcase classname="tests.test_timing_evidence_layer" name="test_abstract_engine_cannot_be_instantiated_without_compute" time="0.000" /><testcase classname="tests.test_timing_evidence_layer" name="test_default_layer_registers_annual_profection" time="0.000" /><testcase classname="tests.test_timing_evidence_layer" name="test_aggregate_produces_annual_profection_signal" time="0.000" /><testcase classname="tests.test_timing_evidence_layer" name="test_register_is_idempotent_and_order_preserving" time="0.000" /><testcase classname="tests.test_timing_evidence_layer" name="test_broken_engine_reports_inactive_and_is_hidden_by_default" time="0.000" /><testcase classname="tests.test_timing_evidence_layer" name="test_signals_endpoint_registered" time="0.000" /><testcase classname="tests.test_today_ranking_demote" name="test_future_uranus_opp_moon_is_demoted_today" time="0.000"><failure message="RuntimeError: There is no current event loop in thread 'MainThread'.">E   RuntimeError: There is no current event loop in thread 'MainThread'.</failure></testcase><testcase classname="tests.test_today_ranking_demote" name="test_demote_can_be_disabled" time="0.000"><failure message="RuntimeError: There is no current event loop in thread 'MainThread'.">E   RuntimeError: There is no current event loop in thread 'MainThread'.</failure></testcase><testcase classname="tests.test_today_ranking_demote" name="test_signal_map_preserved" time="0.000"><failure message="RuntimeError: There is no current event loop in thread 'MainThread'.">E   RuntimeError: There is no current event loop in thread 'MainThread'.</failure></testcase><testcase classname="tests.test_today_ranking_demote" name="test_no_natal_math_change" time="0.000"><failure message="RuntimeError: There is no current event loop in thread 'MainThread'.">E   RuntimeError: There is no current event loop in thread 'MainThread'.</failure></testcase><testcase classname="tests.test_transit_dominance_engine" name="test_full_moon_within_48h_becomes_dominant" time="0.000" /><testcase classname="tests.test_transit_dominance_engine" name="test_uranus_ingress_within_14d_is_tier1" time="0.000" /><testcase classname="tests.test_transit_dominance_engine" name="test_tight_aspect_outranks_sign_cluster" time="0.000" /><testcase classname="tests.test_transit_dominance_engine" name="test_moon_sign_change_is_tier2" time="0.000" /><testcase classname="tests.test_transit_dominance_engine" name="test_signature_hash_stable_for_same_dominance" time="0.000" /><testcase classname="tests.test_transit_dominance_engine" name="test_no_signal_still_emits_low_intensity_output" time="0.000" /><testcase classname="tests.test_transit_dominance_engine" name="test_wide_aspect_dominates_when_no_better" time="0.000" /><testcase classname="tests.test_transit_dominance_engine" name="test_why_line_explains_ingress" time="0.000" /><testcase classname="tests.test_v15_payload_contract.TestVersionMarkers" name="test_normalizer_version" time="0.000" /><testcase classname="tests.test_v15_payload_contract.TestVersionMarkers" name="test_graph_version" time="0.000" /><testcase classname="tests.test_v15_payload_contract.TestVersionMarkers" name="test_orchestrator_version" time="0.000" /><testcase classname="tests.test_v15_payload_contract.TestSynthesisContract" name="test_top_level_keys_present" time="0.005" /><testcase classname="tests.test_v15_payload_contract.TestSynthesisContract" name="test_evidence_ladder_non_empty_list" time="0.000" /><testcase classname="tests.test_v15_payload_contract.TestSynthesisContract" name="test_evidence_ladder_entry_shape" time="0.000"><failure message="AssertionError: assert 'cross-checked' in ('verified', 'suspect', 'mixed', 'unknown')">E   AssertionError: assert 'cross-checked' in ('verified', 'suspect', 'mixed', 'unknown')</failure></testcase><testcase classname="tests.test_v15_payload_contract.TestSynthesisContract" name="test_diagnostics_provenance_rollup" time="0.000" /><testcase classname="tests.test_v15_payload_contract.TestSynthesisContract" name="test_diagnostics_engine_version_v15" time="0.000" /><testcase classname="tests.test_v15_payload_contract.TestKnowledgeGraphCrossCuts" name="test_cross_cuts_present" time="0.000" /><testcase classname="tests.test_v15_payload_contract.TestKnowledgeGraphCrossCuts" name="test_cross_cuts_required_buckets" time="0.000" /><testcase classname="tests.test_v15_payload_contract.TestV1BackwardCompat" name="test_story_headline_and_summary" time="0.000" /><testcase classname="tests.test_v15_payload_contract.TestV1BackwardCompat" name="test_evidence_v1_keys" time="0.000" /><testcase classname="tests.test_v15_payload_contract.TestV1BackwardCompat" name="test_confidence_present" time="0.000" /><testcase classname="tests.test_v15_payload_contract.TestV1BackwardCompat" name="test_diagnostics_engine_version_key_present" time="0.000" /><testcase classname="tests.test_variant_a_canonical" name="test_canonical_default_is_variant_a" time="0.000" /><testcase classname="tests.test_variant_a_canonical" name="test_variant_a_sign_count_is_13" time="0.000" /><testcase classname="tests.test_variant_a_canonical" name="test_variant_a_table_tiles_360" time="0.000" /><testcase classname="tests.test_variant_a_canonical" name="test_variant_a_returns_ophiuchus_for_known_longitude" time="0.000" /><testcase classname="tests.test_variant_a_canonical" name="test_variant_b_never_returns_ophiuchus" time="0.000" /><testcase classname="tests.test_variant_a_canonical" name="test_dual_compute_emits_both_variants" time="0.000" /><testcase classname="tests.test_variant_a_canonical" name="test_pete_full_chart_stamps_engine_version" time="0.001" /><testcase classname="tests.test_variant_a_canonical" name="test_ophiuchus_metadata_module_present" time="0.000" /><testcase classname="tests.test_variant_a_canonical" name="test_sign_registries_carry_ophiuchus" time="0.000" /></testsuite></testsuites>