<?xml version="1.0" encoding="utf-8"?><testsuites name="pytest tests"><testsuite name="pytest" errors="0" failures="0" skipped="0" tests="153" time="7.249" timestamp="2026-07-22T05:49:15.283673+00:00" hostname="agent-env-dbd223c5-e766-484a-9be9-9f72f4486104"><testcase classname="tests.test_annual_profection_engine" name="test_age_before_birthday" time="0.000" /><testcase classname="tests.test_annual_profection_engine" name="test_age_on_and_after_birthday" time="0.000" /><testcase classname="tests.test_annual_profection_engine" name="test_feb29_birthday_fallback" time="0.000" /><testcase classname="tests.test_annual_profection_engine" name="test_12_year_cycle_activates_first_house_at_age_0_12_24" time="0.000" /><testcase classname="tests.test_annual_profection_engine" name="test_second_year_activates_second_house" time="0.000" /><testcase classname="tests.test_annual_profection_engine" name="test_series_covers_full_lifespan_without_error" time="0.000" /><testcase classname="tests.test_annual_profection_engine" name="test_lord_of_the_year_traditional_mapping[Aries-Mars]" time="0.000" /><testcase classname="tests.test_annual_profection_engine" name="test_lord_of_the_year_traditional_mapping[Taurus-Venus]" time="0.000" /><testcase classname="tests.test_annual_profection_engine" name="test_lord_of_the_year_traditional_mapping[Gemini-Mercury]" time="0.000" /><testcase classname="tests.test_annual_profection_engine" name="test_lord_of_the_year_traditional_mapping[Cancer-Moon]" time="0.000" /><testcase classname="tests.test_annual_profection_engine" name="test_lord_of_the_year_traditional_mapping[Leo-Sun]" time="0.000" /><testcase classname="tests.test_annual_profection_engine" name="test_lord_of_the_year_traditional_mapping[Virgo-Mercury]" time="0.000" /><testcase classname="tests.test_annual_profection_engine" name="test_lord_of_the_year_traditional_mapping[Libra-Venus]" time="0.000" /><testcase classname="tests.test_annual_profection_engine" name="test_lord_of_the_year_traditional_mapping[Scorpio-Mars]" time="0.000" /><testcase classname="tests.test_annual_profection_engine" name="test_lord_of_the_year_traditional_mapping[Sagittarius-Jupiter]" time="0.000" /><testcase classname="tests.test_annual_profection_engine" name="test_lord_of_the_year_traditional_mapping[Capricorn-Saturn]" time="0.000" /><testcase classname="tests.test_annual_profection_engine" name="test_lord_of_the_year_traditional_mapping[Aquarius-Saturn]" time="0.000" /><testcase classname="tests.test_annual_profection_engine" name="test_lord_of_the_year_traditional_mapping[Pisces-Jupiter]" time="0.000" /><testcase classname="tests.test_annual_profection_engine" name="test_ophiuchus_year_has_no_classical_lord" time="0.000" /><testcase classname="tests.test_annual_profection_engine" name="test_ruler_natal_condition_extracted_from_planets" time="0.000" /><testcase classname="tests.test_annual_profection_engine" name="test_narrative_shape_and_tone_contract" time="0.000" /><testcase classname="tests.test_annual_profection_engine" name="test_timeline_profection_router_registered" time="3.021" /><testcase classname="tests.test_annual_profection_engine" name="test_compute_rejects_naive_datetime" time="0.000" /><testcase classname="tests.test_annual_profection_engine" name="test_compute_rejects_empty_chart" time="0.000" /><testcase classname="tests.test_annual_profection_engine" name="test_historical_and_future_use_same_code_path" time="0.000" /><testcase classname="tests.test_timeline_profection_api.TestProfectionCurrent" name="test_current_no_date" time="0.128" /><testcase classname="tests.test_timeline_profection_api.TestProfectionCurrent" name="test_current_historical_2000_01_01" time="0.049" /><testcase classname="tests.test_timeline_profection_api.TestProfectionCurrent" name="test_current_future_2050" time="0.059" /><testcase classname="tests.test_timeline_profection_api.TestProfectionCurrent" name="test_current_invalid_user_id_returns_400" time="0.042" /><testcase classname="tests.test_timeline_profection_api.TestProfectionCurrent" name="test_current_missing_user_returns_404" time="0.042" /><testcase classname="tests.test_timeline_profection_api.TestProfectionCurrent" name="test_current_invalid_date_returns_400" time="0.072" /><testcase classname="tests.test_timeline_profection_api.TestProfectionCurrent" name="test_interpretation_has_six_mirror_v2_answers" time="0.046" /><testcase classname="tests.test_timeline_profection_api.TestProfectionCurrent" name="test_tone_contract_all_true" time="0.044" /><testcase classname="tests.test_timeline_profection_api.TestProfectionCurrent" name="test_timing_signals_annual_profection_wrapper" time="0.043" /><testcase classname="tests.test_timeline_profection_api.TestProfectionSeries" name="test_series_shape_and_sequence" time="0.045" /><testcase classname="tests.test_timeline_profection_api.TestProfectionSeries" name="test_series_exactly_one_is_current" time="0.047" /><testcase classname="tests.test_timeline_profection_api.TestRegressionExistingEndpoints" name="test_admin_build_info" time="0.047" /><testcase classname="tests.test_timeline_profection_api.TestRegressionExistingEndpoints" name="test_admin_dual_house_audit" time="0.042" /><testcase classname="tests.test_timeline_profection_api.TestRegressionExistingEndpoints" name="test_mirror_endpoint_reachable" time="0.085" /><testcase classname="tests.test_dual_house_audit_endpoint" name="test_variant_a_width_lookup_keys" time="0.000" /><testcase classname="tests.test_dual_house_audit_endpoint" name="test_is_invalid_position_rules" time="0.000" /><testcase classname="tests.test_dual_house_audit_endpoint" name="test_ana_equal_and_placidus_compute_cleanly" time="0.003" /><testcase classname="tests.test_dual_house_audit_endpoint" name="test_ana_no_invalid_variant_a_positions" time="0.001" /><testcase classname="tests.test_dual_house_audit_endpoint" name="test_house_cusp_comparison_table_shape" time="0.001" /><testcase classname="tests.test_dual_house_audit_endpoint" name="test_endpoint_router_registered" time="0.000" /><testcase classname="tests.test_variant_a_canonical" name="test_canonical_default_is_variant_a" time="0.000" /><testcase classname="tests.test_variant_a_canonical" name="test_variant_a_sign_count_is_13" time="0.000" /><testcase classname="tests.test_variant_a_canonical" name="test_variant_a_table_tiles_360" time="0.000" /><testcase classname="tests.test_variant_a_canonical" name="test_variant_a_returns_ophiuchus_for_known_longitude" time="0.000" /><testcase classname="tests.test_variant_a_canonical" name="test_variant_b_never_returns_ophiuchus" time="0.000" /><testcase classname="tests.test_variant_a_canonical" name="test_dual_compute_emits_both_variants" time="0.000" /><testcase classname="tests.test_variant_a_canonical" name="test_pete_full_chart_stamps_engine_version" time="0.001" /><testcase classname="tests.test_variant_a_canonical" name="test_ophiuchus_metadata_module_present" time="0.000" /><testcase classname="tests.test_variant_a_canonical" name="test_sign_registries_carry_ophiuchus" time="0.004" /><testcase classname="tests.test_ophiuchus_first_class" name="test_backend_sign_registries_carry_ophiuchus" time="0.000" /><testcase classname="tests.test_ophiuchus_first_class" name="test_today_engine_ophiuchus_first_class" time="0.000" /><testcase classname="tests.test_ophiuchus_first_class" name="test_timeline_generator_has_ophiuchus_pattern" time="0.001" /><testcase classname="tests.test_ophiuchus_first_class" name="test_horizon_full_moon_has_ophiuchus" time="0.001" /><testcase classname="tests.test_ophiuchus_first_class" name="test_event_priority_engine_has_ophiuchus" time="0.002" /><testcase classname="tests.test_ophiuchus_first_class" name="test_pressure_topology_has_ophiuchus_axis" time="0.001" /><testcase classname="tests.test_ophiuchus_first_class" name="test_relationship_astrology_has_ophiuchus_trait" time="0.001" /><testcase classname="tests.test_ophiuchus_first_class" name="test_life_tab_has_ophiuchus_behaviour" time="0.001" /><testcase classname="tests.test_ophiuchus_first_class" name="test_unified_narrative_has_ophiuchus" time="0.001" /><testcase classname="tests.test_ophiuchus_first_class" name="test_cross_lens_atoms_has_ophiuchus_emphasis" time="0.000" /><testcase classname="tests.test_ophiuchus_first_class" name="test_forum_lens_helpers_inline_maps_include_ophiuchus" time="0.001" /><testcase classname="tests.test_ophiuchus_first_class" name="test_timeline_planet_sign_preserves_ophiuchus" time="0.000" /><testcase classname="tests.test_ophiuchus_first_class" name="test_horizon_full_moon_ophiuchus_does_not_fallback_to_aries" time="0.000" /><testcase classname="tests.test_ophiuchus_first_class" name="test_today_engine_counts_ophiuchus_in_element_total" time="0.001" /><testcase classname="tests.test_ophiuchus_first_class" name="test_chat_extractor_recognises_ophiuchus" time="0.002" /><testcase classname="tests.test_ophiuchus_first_class" name="test_frontend_central_metadata_has_ophiuchus" time="0.001" /><testcase classname="tests.test_ophiuchus_first_class" name="test_frontend_interpreter_signs_have_ophiuchus" time="0.001" /><testcase classname="tests.test_ophiuchus_first_class" name="test_frontend_deep_dive_has_ophiuchus_entries" time="0.000" /><testcase classname="tests.test_ophiuchus_first_class" name="test_frontend_timeline_tab_has_ophiuchus_pattern" time="0.000" /><testcase classname="tests.test_ophiuchus_first_class" name="test_frontend_reflection_modal_has_ophiuchus" time="0.000" /><testcase classname="tests.test_ophiuchus_first_class" name="test_frontend_lens_screen_has_ophiuchus" time="0.000" /><testcase classname="tests.test_ophiuchus_first_class" name="test_variant_a_engine_still_canonical" time="0.000" /><testcase classname="tests.test_house_system_source_of_truth" name="test_canonical_constant_is_equal" time="0.000" /><testcase classname="tests.test_house_system_source_of_truth" name="test_admin_gm_imports_canonical" time="0.000" /><testcase classname="tests.test_house_system_source_of_truth" name="test_default_call_returns_equal" time="0.001" /><testcase classname="tests.test_house_system_source_of_truth" name="test_explicit_placidus_still_works" time="0.001" /><testcase classname="tests.test_house_system_source_of_truth" name="test_default_metadata_says_equal" time="0.001" /><testcase classname="tests.test_house_system_source_of_truth" name="test_migration_frozen_true" time="0.000" /><testcase classname="tests.test_house_system_source_of_truth" name="test_recompute_token_is_rotated" time="0.000" /><testcase classname="tests.test_house_system_source_of_truth" name="test_future_demote_v1_still_active" time="0.000" /><testcase classname="tests.test_house_system_source_of_truth" name="test_ic_cross_for_ana_unchanged" time="0.002" /><testcase classname="tests.test_lifecycle_engine" name="test_pete_saturn_return_active_is_second" time="0.017" /><testcase classname="tests.test_lifecycle_engine" name="test_pete_saturn_return_first_is_after" time="0.011" /><testcase classname="tests.test_lifecycle_engine" name="test_pete_saturn_return_third_is_before" time="0.011" /><testcase classname="tests.test_lifecycle_engine" name="test_proof_block_distinguishes_second_return_meaning" time="0.011" /><testcase classname="tests.test_lifecycle_engine" name="test_classifier_personal" time="0.000" /><testcase classname="tests.test_lifecycle_engine" name="test_classifier_concept_no_anchor" time="0.000" /><testcase classname="tests.test_lifecycle_engine" name="test_classifier_hybrid_concept" time="0.000" /><testcase classname="tests.test_lifecycle_engine" name="test_classifier_followup_uses_history" time="0.000" /><testcase classname="tests.test_sign_attribution" name="test_mel_asc_gemini_under_uniform" time="0.000" /><testcase classname="tests.test_sign_attribution" name="test_mel_asc_cancer_under_midpoint" time="0.000" /><testcase classname="tests.test_sign_attribution" name="test_ana_mc_capricorn_under_uniform" time="0.000" /><testcase classname="tests.test_sign_attribution" name="test_ana_mc_aquarius_under_midpoint" time="0.000" /><testcase classname="tests.test_sign_attribution" name="test_mel_sun_gemini_under_both_modes" time="0.000" /><testcase classname="tests.test_sign_attribution" name="test_mel_moon_scorpio_under_both_modes" time="0.000" /><testcase classname="tests.test_sign_attribution" name="test_pete_signs_stable" time="0.000" /><testcase classname="tests.test_sign_attribution" name="test_ana_sun_aries_under_midpoint" time="0.000" /><testcase classname="tests.test_sign_attribution" name="test_ana_moon_sagittarius_under_midpoint" time="0.000" /><testcase classname="tests.test_sign_attribution" name="test_degree_within_sign_bounds_midpoint" time="0.001" /><testcase classname="tests.test_sign_attribution" name="test_degree_within_sign_bounds_uniform" time="0.001" /><testcase classname="tests.test_sign_attribution" name="test_pisces_wrap_just_before_360" time="0.000" /><testcase classname="tests.test_sign_attribution" name="test_pisces_wrap_just_after_0" time="0.000" /><testcase classname="tests.test_sign_attribution" name="test_pisces_aries_boundary" time="0.000" /><testcase classname="tests.test_sign_attribution" name="test_midpoint_boundary_table_tiles_exactly" time="0.000" /><testcase classname="tests.test_sign_attribution" name="test_router_default_is_variant_a" time="0.000" /><testcase classname="tests.test_sign_attribution" name="test_router_unknown_mode_falls_back_to_variant_a" time="0.000" /><testcase classname="tests.test_sign_attribution" name="test_router_explicit_midpoint" time="0.000" /><testcase classname="tests.test_sign_attribution_variant_a_widths" name="test_variant_a_widths_match_athen_table" time="0.000" /><testcase classname="tests.test_sign_attribution_variant_a_widths" name="test_sweep_no_invalid_degrees[0.5]" time="0.002" /><testcase classname="tests.test_sign_attribution_variant_a_widths" name="test_virgo_37_is_valid_under_variant_a" time="0.000" /><testcase classname="tests.test_midpoint13_boundaries" name="test_aries_zero_maps_to_aries" time="0.000" /><testcase classname="tests.test_midpoint13_boundaries" name="test_19p7286_maps_to_taurus" time="0.000" /><testcase classname="tests.test_midpoint13_boundaries" name="test_235p0_maps_to_ophiuchus" time="0.000" /><testcase classname="tests.test_midpoint13_boundaries" name="test_318p5_maps_to_pisces" time="0.000" /><testcase classname="tests.test_midpoint13_boundaries" name="test_transition_zone_flag_inside_3deg" time="0.000" /><testcase classname="tests.test_midpoint13_boundaries" name="test_transition_zone_flag_outside_3deg" time="0.000" /><testcase classname="tests.test_midpoint13_boundaries" name="test_pisces_aries_seam_wrap" time="0.000" /><testcase classname="tests.test_midpoint13_boundaries" name="test_table_has_13_signs" time="0.000" /><testcase classname="tests.test_midpoint13_boundaries" name="test_table_boundaries_are_continuous_and_cover_0_360" time="0.000" /><testcase classname="tests.test_midpoint13_boundaries" name="test_compare_returns_both_labels_and_does_not_mutate" time="0.000" /><testcase classname="tests.test_midpoint13_boundaries" name="test_compare_flags_ophiuchus_for_late_scorpio_longitudes" time="0.000" /><testcase classname="tests.test_midpoint13_boundaries" name="test_production_sign_attribution_module_canonical_variant_a" time="0.000" /><testcase classname="tests.test_timezone_resolution" name="test_resolve_iana_timezone[Argentina--34.6037--58.3816-America/Argentina/Buenos_Aires]" time="0.664" /><testcase classname="tests.test_timezone_resolution" name="test_resolve_iana_timezone[KualaLumpur-3.139-101.6869-Asia/Kuala_Lumpur]" time="0.001" /><testcase classname="tests.test_timezone_resolution" name="test_resolve_iana_timezone[NewYork-40.7128--74.006-America/New_York]" time="0.002" /><testcase classname="tests.test_timezone_resolution" name="test_resolve_iana_timezone[LosAngeles-34.0522--118.2437-America/Los_Angeles]" time="0.000" /><testcase classname="tests.test_timezone_resolution" name="test_resolve_iana_timezone[Chicago-41.8781--87.6298-America/Chicago]" time="0.001" /><testcase classname="tests.test_timezone_resolution" name="test_resolve_iana_timezone[London-51.5074--0.1278-Europe/London]" time="0.003" /><testcase classname="tests.test_timezone_resolution" name="test_resolve_returns_none_for_invalid_inputs" time="0.000" /><testcase classname="tests.test_timezone_resolution" name="test_is_iana_name_rejects_fixed_offsets_and_aliases" time="0.000" /><testcase classname="tests.test_timezone_resolution" name="test_create_user_coords_override_client_timezone[Argentina--34.6037--58.3816-America/Argentina/Buenos_Aires]" time="0.588" /><testcase classname="tests.test_timezone_resolution" name="test_create_user_coords_override_client_timezone[KualaLumpur-3.139-101.6869-Asia/Kuala_Lumpur]" time="0.007" /><testcase classname="tests.test_timezone_resolution" name="test_create_user_coords_override_client_timezone[NewYork-40.7128--74.006-America/New_York]" time="0.009" /><testcase classname="tests.test_timezone_resolution" name="test_create_user_coords_override_client_timezone[LosAngeles-34.0522--118.2437-America/Los_Angeles]" time="0.008" /><testcase classname="tests.test_timezone_resolution" name="test_create_user_coords_override_client_timezone[Chicago-41.8781--87.6298-America/Chicago]" time="0.011" /><testcase classname="tests.test_timezone_resolution" name="test_create_user_coords_override_client_timezone[London-51.5074--0.1278-Europe/London]" time="0.017" /><testcase classname="tests.test_timezone_resolution" name="test_create_user_rejects_fixed_offset_when_no_coords[+00:00]" time="0.304" /><testcase classname="tests.test_timezone_resolution" name="test_create_user_rejects_fixed_offset_when_no_coords[+08:00]" time="0.384" /><testcase classname="tests.test_timezone_resolution" name="test_create_user_rejects_fixed_offset_when_no_coords[UTC]" time="0.404" /><testcase classname="tests.test_timezone_resolution" name="test_create_user_rejects_fixed_offset_when_no_coords[GMT]" time="0.383" /><testcase classname="tests.test_timezone_resolution" name="test_create_saved_person_coords_override_client_timezone[Argentina--34.6037--58.3816-America/Argentina/Buenos_Aires]" time="0.014" /><testcase classname="tests.test_timezone_resolution" name="test_create_saved_person_coords_override_client_timezone[KualaLumpur-3.139-101.6869-Asia/Kuala_Lumpur]" time="0.003" /><testcase classname="tests.test_timezone_resolution" name="test_create_saved_person_coords_override_client_timezone[NewYork-40.7128--74.006-America/New_York]" time="0.003" /><testcase classname="tests.test_timezone_resolution" name="test_create_saved_person_coords_override_client_timezone[LosAngeles-34.0522--118.2437-America/Los_Angeles]" time="0.003" /><testcase classname="tests.test_timezone_resolution" name="test_create_saved_person_coords_override_client_timezone[Chicago-41.8781--87.6298-America/Chicago]" time="0.002" /><testcase classname="tests.test_timezone_resolution" name="test_create_saved_person_coords_override_client_timezone[London-51.5074--0.1278-Europe/London]" time="0.002" /><testcase classname="tests.test_timezone_resolution" name="test_patch_saved_person_recomputes_tz_when_coords_change" time="0.007" /><testcase classname="tests.test_timezone_resolution" name="test_patch_saved_person_rejects_fixed_offset_when_loc_cleared" time="0.004" /><testcase classname="tests.test_timezone_resolution" name="test_patch_saved_person_coord_change_overrides_client_tz" time="0.010" /></testsuite></testsuites>